{"meta": {"format": 3, "version": "7.9.2", "timestamp": "2026-01-30T19:35:50.289664", "branch_coverage": false, "show_contexts": false}, "files": {"src\\core\\__init__.py": {"executed_lines": [1], "summary": {"covered_lines": 0, "num_statements": 0, "percent_covered": 100.0, "percent_covered_display": "100", "missing_lines": 0, "excluded_lines": 0}, "missing_lines": [], "excluded_lines": [], "functions": {"": {"executed_lines": [], "summary": {"covered_lines": 0, "num_statements": 0, "percent_covered": 100.0, "percent_covered_display": "100", "missing_lines": 0, "excluded_lines": 0}, "missing_lines": [], "excluded_lines": []}}, "classes": {"": {"executed_lines": [], "summary": {"covered_lines": 0, "num_statements": 0, "percent_covered": 100.0, "percent_covered_display": "100", "missing_lines": 0, "excluded_lines": 0}, "missing_lines": [], "excluded_lines": []}}}, "src\\core\\cli_helpers.py": {"executed_lines": [], "summary": {"covered_lines": 0, "num_statements": 17, "percent_covered": 0.0, "percent_covered_display": "0", "missing_lines": 17, "excluded_lines": 0}, "missing_lines": [7, 8, 9, 10, 11, 12, 13, 15, 18, 27, 28, 29, 30, 32, 33, 34, 35], "excluded_lines": [], "functions": {"met_comp_with_project": {"executed_lines": [], "summary": {"covered_lines": 0, "num_statements": 8, "percent_covered": 0.0, "percent_covered_display": "0", "missing_lines": 8, "excluded_lines": 0}, "missing_lines": [27, 28, 29, 30, 32, 33, 34, 35], "excluded_lines": []}, "": {"executed_lines": [], "summary": {"covered_lines": 0, "num_statements": 9, "percent_covered": 0.0, "percent_covered_display": "0", "missing_lines": 9, "excluded_lines": 0}, "missing_lines": [7, 8, 9, 10, 11, 12, 13, 15, 18], "excluded_lines": []}}, "classes": {"": {"executed_lines": [], "summary": {"covered_lines": 0, "num_statements": 17, "percent_covered": 0.0, "percent_covered_display": "0", "missing_lines": 17, "excluded_lines": 0}, "missing_lines": [7, 8, 9, 10, 11, 12, 13, 15, 18, 27, 28, 29, 30, 32, 33, 34, 35], "excluded_lines": []}}}, "src\\core\\cli_parser.py": {"executed_lines": [1, 8, 9, 10, 11, 12, 13, 14, 15, 17, 20, 21, 22, 23, 24, 25, 26, 27, 28, 29, 30, 31, 32, 33, 34, 37, 38, 39, 40, 41, 42, 43, 44, 45, 46, 47, 48, 49, 50, 52, 53, 55, 56, 57, 58, 59, 60, 61, 64, 65, 68, 69, 70, 71, 74, 75, 76, 77, 78, 79, 80, 81, 82, 85, 86, 87, 89, 90, 92, 93, 94, 95, 97, 98, 99, 100, 101, 102, 105, 106, 107, 110, 111, 113, 114, 116, 117, 119, 120, 122, 123, 124, 125, 126, 127, 129, 130, 132, 133, 134, 135, 137, 138, 141, 143, 149, 150, 154, 155, 158, 168, 170, 173, 175, 204, 205, 208, 210, 219, 220, 221, 223, 226, 228, 229, 231, 236, 239, 240, 243, 246, 249, 252, 255, 258, 261, 264, 268, 272, 276, 279, 284, 287, 291, 294, 299, 300, 305, 306, 310, 315, 316, 319, 322, 325, 327, 334, 340, 341, 346, 349, 351, 353, 356, 360, 363, 368, 369, 371, 374, 377, 381, 395, 398, 403, 406, 407, 409, 411, 412, 415, 418, 419, 427, 430, 433, 436, 437, 440, 441, 442, 447, 450, 451, 454, 459, 461, 490, 492, 493, 494, 501, 544, 567], "summary": {"covered_lines": 198, "num_statements": 229, "percent_covered": 86.46288209606988, "percent_covered_display": "86", "missing_lines": 31, "excluded_lines": 0}, "missing_lines": [136, 151, 152, 169, 399, 400, 434, 443, 444, 445, 455, 495, 496, 497, 514, 515, 521, 522, 525, 538, 539, 540, 541, 558, 559, 564, 569, 570, 571, 572, 573], "excluded_lines": [], "functions": {"CLIConfig.from_file": {"executed_lines": [92, 93, 94, 95, 97, 98, 99, 100, 101, 102], "summary": {"covered_lines": 10, "num_statements": 10, "percent_covered": 100.0, "percent_covered_display": "100", "missing_lines": 0, "excluded_lines": 0}, "missing_lines": [], "excluded_lines": []}, "ArgumentValidator.validate_layers": {"executed_lines": [116, 117], "summary": {"covered_lines": 2, "num_statements": 2, "percent_covered": 100.0, "percent_covered_display": "100", "missing_lines": 0, "excluded_lines": 0}, "missing_lines": [], "excluded_lines": []}, "ArgumentValidator.validate_bias_params": {"executed_lines": [122, 123, 124, 125, 126, 127], "summary": {"covered_lines": 6, "num_statements": 6, "percent_covered": 100.0, "percent_covered_display": "100", "missing_lines": 0, "excluded_lines": 0}, "missing_lines": [], "excluded_lines": []}, "ArgumentValidator.validate_project_name": {"executed_lines": [132, 133, 134, 135, 137, 138], "summary": {"covered_lines": 6, "num_statements": 7, "percent_covered": 85.71428571428571, "percent_covered_display": "86", "missing_lines": 1, "excluded_lines": 0}, "missing_lines": [136], "excluded_lines": []}, "load_config": {"executed_lines": [143, 149, 150, 154, 155], "summary": {"covered_lines": 5, "num_statements": 7, "percent_covered": 71.42857142857143, "percent_covered_display": "71", "missing_lines": 2, "excluded_lines": 0}, "missing_lines": [151, 152], "excluded_lines": []}, "get_all_project_dirs": {"executed_lines": [168, 170], "summary": {"covered_lines": 2, "num_statements": 3, "percent_covered": 66.66666666666667, "percent_covered_display": "67", "missing_lines": 1, "excluded_lines": 0}, "missing_lines": [169], "excluded_lines": []}, "_create_main_parser_only": {"executed_lines": [175, 204, 205], "summary": {"covered_lines": 3, "num_statements": 3, "percent_covered": 100.0, "percent_covered_display": "100", "missing_lines": 0, "excluded_lines": 0}, "missing_lines": [], "excluded_lines": []}, "_create_ep_parser": {"executed_lines": [210, 219, 220, 221, 223], "summary": {"covered_lines": 5, "num_statements": 5, "percent_covered": 100.0, "percent_covered_display": "100", "missing_lines": 0, "excluded_lines": 0}, "missing_lines": [], "excluded_lines": []}, "create_parser": {"executed_lines": [228, 229, 231], "summary": {"covered_lines": 3, "num_statements": 3, "percent_covered": 100.0, "percent_covered_display": "100", "missing_lines": 0, "excluded_lines": 0}, "missing_lines": [], "excluded_lines": []}, "_add_main_arguments": {"executed_lines": [239, 240, 243, 246, 249, 252, 255, 258, 261, 264, 268, 272, 276, 279, 284, 287, 291, 294, 299, 300, 305, 306, 310, 315, 316, 319, 322, 325, 327, 334, 340, 341, 346, 349, 351, 353, 356, 360, 363, 368, 369, 371, 374, 377], "summary": {"covered_lines": 44, "num_statements": 44, "percent_covered": 100.0, "percent_covered_display": "100", "missing_lines": 0, "excluded_lines": 0}, "missing_lines": [], "excluded_lines": []}, "parse_arguments": {"executed_lines": [395, 398, 403, 406, 407, 409, 411, 412, 415, 418, 419, 427, 430, 433, 436, 437, 440, 441, 442, 447, 450, 451, 454, 459, 461, 490, 492, 493, 494], "summary": {"covered_lines": 29, "num_statements": 39, "percent_covered": 74.35897435897436, "percent_covered_display": "74", "missing_lines": 10, "excluded_lines": 0}, "missing_lines": [399, 400, 434, 443, 444, 445, 455, 495, 496, 497], "excluded_lines": []}, "parse_arguments_legacy": {"executed_lines": [], "summary": {"covered_lines": 0, "num_statements": 9, "percent_covered": 0.0, "percent_covered_display": "0", "missing_lines": 9, "excluded_lines": 0}, "missing_lines": [514, 515, 521, 522, 525, 538, 539, 540, 541], "excluded_lines": []}, "get_project_names": {"executed_lines": [], "summary": {"covered_lines": 0, "num_statements": 3, "percent_covered": 0.0, "percent_covered_display": "0", "missing_lines": 3, "excluded_lines": 0}, "missing_lines": [558, 559, 564], "excluded_lines": []}, "": {"executed_lines": [1, 8, 9, 10, 11, 12, 13, 14, 15, 17, 20, 21, 22, 23, 24, 25, 26, 27, 28, 29, 30, 31, 32, 33, 34, 37, 38, 39, 40, 41, 42, 43, 44, 45, 46, 47, 48, 49, 50, 52, 53, 55, 56, 57, 58, 59, 60, 61, 64, 65, 68, 69, 70, 71, 74, 75, 76, 77, 78, 79, 80, 81, 82, 85, 86, 87, 89, 90, 105, 106, 107, 110, 111, 113, 114, 119, 120, 129, 130, 141, 158, 173, 208, 226, 236, 381, 501, 544, 567], "summary": {"covered_lines": 83, "num_statements": 88, "percent_covered": 94.31818181818181, "percent_covered_display": "94", "missing_lines": 5, "excluded_lines": 0}, "missing_lines": [569, 570, 571, 572, 573], "excluded_lines": []}}, "classes": {"TaskType": {"executed_lines": [], "summary": {"covered_lines": 0, "num_statements": 0, "percent_covered": 100.0, "percent_covered_display": "100", "missing_lines": 0, "excluded_lines": 0}, "missing_lines": [], "excluded_lines": []}, "CLIArgs": {"executed_lines": [], "summary": {"covered_lines": 0, "num_statements": 0, "percent_covered": 100.0, "percent_covered_display": "100", "missing_lines": 0, "excluded_lines": 0}, "missing_lines": [], "excluded_lines": []}, "CLIConfig": {"executed_lines": [92, 93, 94, 95, 97, 98, 99, 100, 101, 102], "summary": {"covered_lines": 10, "num_statements": 10, "percent_covered": 100.0, "percent_covered_display": "100", "missing_lines": 0, "excluded_lines": 0}, "missing_lines": [], "excluded_lines": []}, "ArgumentParsingError": {"executed_lines": [], "summary": {"covered_lines": 0, "num_statements": 0, "percent_covered": 100.0, "percent_covered_display": "100", "missing_lines": 0, "excluded_lines": 0}, "missing_lines": [], "excluded_lines": []}, "ArgumentValidator": {"executed_lines": [116, 117, 122, 123, 124, 125, 126, 127, 132, 133, 134, 135, 137, 138], "summary": {"covered_lines": 14, "num_statements": 15, "percent_covered": 93.33333333333333, "percent_covered_display": "93", "missing_lines": 1, "excluded_lines": 0}, "missing_lines": [136], "excluded_lines": []}, "": {"executed_lines": [1, 8, 9, 10, 11, 12, 13, 14, 15, 17, 20, 21, 22, 23, 24, 25, 26, 27, 28, 29, 30, 31, 32, 33, 34, 37, 38, 39, 40, 41, 42, 43, 44, 45, 46, 47, 48, 49, 50, 52, 53, 55, 56, 57, 58, 59, 60, 61, 64, 65, 68, 69, 70, 71, 74, 75, 76, 77, 78, 79, 80, 81, 82, 85, 86, 87, 89, 90, 105, 106, 107, 110, 111, 113, 114, 119, 120, 129, 130, 141, 143, 149, 150, 154, 155, 158, 168, 170, 173, 175, 204, 205, 208, 210, 219, 220, 221, 223, 226, 228, 229, 231, 236, 239, 240, 243, 246, 249, 252, 255, 258, 261, 264, 268, 272, 276, 279, 284, 287, 291, 294, 299, 300, 305, 306, 310, 315, 316, 319, 322, 325, 327, 334, 340, 341, 346, 349, 351, 353, 356, 360, 363, 368, 369, 371, 374, 377, 381, 395, 398, 403, 406, 407, 409, 411, 412, 415, 418, 419, 427, 430, 433, 436, 437, 440, 441, 442, 447, 450, 451, 454, 459, 461, 490, 492, 493, 494, 501, 544, 567], "summary": {"covered_lines": 174, "num_statements": 204, "percent_covered": 85.29411764705883, "percent_covered_display": "85", "missing_lines": 30, "excluded_lines": 0}, "missing_lines": [151, 152, 169, 399, 400, 434, 443, 444, 445, 455, 495, 496, 497, 514, 515, 521, 522, 525, 538, 539, 540, 541, 558, 559, 564, 569, 570, 571, 572, 573], "excluded_lines": []}}}, "src\\core\\config_validator.py": {"executed_lines": [1, 11, 12, 13, 14, 16, 19, 20, 21, 24, 25, 28, 105, 171, 232, 475, 508, 510, 518, 532, 535, 536, 539, 540, 541, 542, 543, 544, 545, 548, 550, 564, 565, 568, 569, 571, 574, 577, 578, 584, 585, 586, 587, 592, 593, 595, 596, 598, 600, 604, 605, 606, 610, 611, 612, 613, 614, 615, 616, 617, 618, 619, 621, 623, 628, 629, 630, 631, 634, 635, 636, 637, 638, 639, 642, 643, 644, 645, 646, 648, 650, 655, 656, 658, 659, 662, 663, 664, 665, 666, 668, 670, 675, 676, 679, 680, 682, 684, 689, 690, 692, 693, 695, 697, 702, 703, 705, 706, 708, 710, 720, 721, 724, 726, 730, 731, 732, 737, 738, 740, 742, 745, 746, 747, 748, 751, 752, 753, 757, 760, 777, 791, 794], "summary": {"covered_lines": 130, "num_statements": 168, "percent_covered": 77.38095238095238, "percent_covered_display": "77", "missing_lines": 38, "excluded_lines": 0}, "missing_lines": [579, 580, 581, 588, 589, 601, 607, 608, 624, 625, 651, 652, 671, 672, 685, 686, 698, 699, 722, 774, 796, 797, 799, 800, 801, 803, 804, 806, 807, 808, 809, 810, 811, 812, 813, 814, 815, 816], "excluded_lines": [], "functions": {"VisualizationConfigValidator.__init__": {"executed_lines": [510], "summary": {"covered_lines": 1, "num_statements": 1, "percent_covered": 100.0, "percent_covered_display": "100", "missing_lines": 0, "excluded_lines": 0}, "missing_lines": [], "excluded_lines": []}, "VisualizationConfigValidator.validate_config_file": {"executed_lines": [532, 535, 536, 539, 540, 541, 542, 543, 544, 545, 548], "summary": {"covered_lines": 11, "num_statements": 11, "percent_covered": 100.0, "percent_covered_display": "100", "missing_lines": 0, "excluded_lines": 0}, "missing_lines": [], "excluded_lines": []}, "VisualizationConfigValidator.validate_config_data": {"executed_lines": [564, 565, 568, 569, 571, 574, 577, 578, 584, 585, 586, 587, 592, 593, 595, 596], "summary": {"covered_lines": 16, "num_statements": 21, "percent_covered": 76.19047619047619, "percent_covered_display": "76", "missing_lines": 5, "excluded_lines": 0}, "missing_lines": [579, 580, 581, 588, 589], "excluded_lines": []}, "VisualizationConfigValidator._validate_against_schema": {"executed_lines": [600, 604, 605, 606, 610, 611, 612, 613, 614, 615, 616, 617, 618, 619], "summary": {"covered_lines": 14, "num_statements": 17, "percent_covered": 82.3529411764706, "percent_covered_display": "82", "missing_lines": 3, "excluded_lines": 0}, "missing_lines": [601, 607, 608], "excluded_lines": []}, "VisualizationConfigValidator._validate_object": {"executed_lines": [623, 628, 629, 630, 631, 634, 635, 636, 637, 638, 639, 642, 643, 644, 645, 646], "summary": {"covered_lines": 16, "num_statements": 18, "percent_covered": 88.88888888888889, "percent_covered_display": "89", "missing_lines": 2, "excluded_lines": 0}, "missing_lines": [624, 625], "excluded_lines": []}, "VisualizationConfigValidator._validate_array": {"executed_lines": [650, 655, 656, 658, 659, 662, 663, 664, 665, 666], "summary": {"covered_lines": 10, "num_statements": 12, "percent_covered": 83.33333333333333, "percent_covered_display": "83", "missing_lines": 2, "excluded_lines": 0}, "missing_lines": [651, 652], "excluded_lines": []}, "VisualizationConfigValidator._validate_string": {"executed_lines": [670, 675, 676, 679, 680], "summary": {"covered_lines": 5, "num_statements": 7, "percent_covered": 71.42857142857143, "percent_covered_display": "71", "missing_lines": 2, "excluded_lines": 0}, "missing_lines": [671, 672], "excluded_lines": []}, "VisualizationConfigValidator._validate_integer": {"executed_lines": [684, 689, 690, 692, 693], "summary": {"covered_lines": 5, "num_statements": 7, "percent_covered": 71.42857142857143, "percent_covered_display": "71", "missing_lines": 2, "excluded_lines": 0}, "missing_lines": [685, 686], "excluded_lines": []}, "VisualizationConfigValidator._validate_number": {"executed_lines": [697, 702, 703, 705, 706], "summary": {"covered_lines": 5, "num_statements": 7, "percent_covered": 71.42857142857143, "percent_covered_display": "71", "missing_lines": 2, "excluded_lines": 0}, "missing_lines": [698, 699], "excluded_lines": []}, "VisualizationConfigValidator._check_type": {"executed_lines": [710, 720, 721, 724], "summary": {"covered_lines": 4, "num_statements": 5, "percent_covered": 80.0, "percent_covered_display": "80", "missing_lines": 1, "excluded_lines": 0}, "missing_lines": [722], "excluded_lines": []}, "VisualizationConfigValidator._validate_business_logic": {"executed_lines": [730, 731, 732, 737, 738], "summary": {"covered_lines": 5, "num_statements": 5, "percent_covered": 100.0, "percent_covered_display": "100", "missing_lines": 0, "excluded_lines": 0}, "missing_lines": [], "excluded_lines": []}, "VisualizationConfigValidator._validate_freq_response_logic": {"executed_lines": [742, 745, 746, 747, 748, 751, 752, 753], "summary": {"covered_lines": 8, "num_statements": 8, "percent_covered": 100.0, "percent_covered_display": "100", "missing_lines": 0, "excluded_lines": 0}, "missing_lines": [], "excluded_lines": []}, "validate_visualization_config": {"executed_lines": [], "summary": {"covered_lines": 0, "num_statements": 1, "percent_covered": 0.0, "percent_covered_display": "0", "missing_lines": 1, "excluded_lines": 0}, "missing_lines": [774], "excluded_lines": []}, "validate_visualization_config_data": {"executed_lines": [791], "summary": {"covered_lines": 1, "num_statements": 1, "percent_covered": 100.0, "percent_covered_display": "100", "missing_lines": 0, "excluded_lines": 0}, "missing_lines": [], "excluded_lines": []}, "": {"executed_lines": [1, 11, 12, 13, 14, 16, 19, 20, 21, 24, 25, 28, 105, 171, 232, 475, 508, 518, 550, 598, 621, 648, 668, 682, 695, 708, 726, 740, 757, 760, 777, 794], "summary": {"covered_lines": 29, "num_statements": 47, "percent_covered": 61.702127659574465, "percent_covered_display": "62", "missing_lines": 18, "excluded_lines": 0}, "missing_lines": [796, 797, 799, 800, 801, 803, 804, 806, 807, 808, 809, 810, 811, 812, 813, 814, 815, 816], "excluded_lines": []}}, "classes": {"ConfigValidationError": {"executed_lines": [], "summary": {"covered_lines": 0, "num_statements": 0, "percent_covered": 100.0, "percent_covered_display": "100", "missing_lines": 0, "excluded_lines": 0}, "missing_lines": [], "excluded_lines": []}, "VisualizationConfigValidator": {"executed_lines": [510, 532, 535, 536, 539, 540, 541, 542, 543, 544, 545, 548, 564, 565, 568, 569, 571, 574, 577, 578, 584, 585, 586, 587, 592, 593, 595, 596, 600, 604, 605, 606, 610, 611, 612, 613, 614, 615, 616, 617, 618, 619, 623, 628, 629, 630, 631, 634, 635, 636, 637, 638, 639, 642, 643, 644, 645, 646, 650, 655, 656, 658, 659, 662, 663, 664, 665, 666, 670, 675, 676, 679, 680, 684, 689, 690, 692, 693, 697, 702, 703, 705, 706, 710, 720, 721, 724, 730, 731, 732, 737, 738, 742, 745, 746, 747, 748, 751, 752, 753], "summary": {"covered_lines": 100, "num_statements": 119, "percent_covered": 84.03361344537815, "percent_covered_display": "84", "missing_lines": 19, "excluded_lines": 0}, "missing_lines": [579, 580, 581, 588, 589, 601, 607, 608, 624, 625, 651, 652, 671, 672, 685, 686, 698, 699, 722], "excluded_lines": []}, "": {"executed_lines": [1, 11, 12, 13, 14, 16, 19, 20, 21, 24, 25, 28, 105, 171, 232, 475, 508, 518, 550, 598, 621, 648, 668, 682, 695, 708, 726, 740, 757, 760, 777, 791, 794], "summary": {"covered_lines": 30, "num_statements": 49, "percent_covered": 61.224489795918366, "percent_covered_display": "61", "missing_lines": 19, "excluded_lines": 0}, "missing_lines": [774, 796, 797, 799, 800, 801, 803, 804, 806, 807, 808, 809, 810, 811, 812, 813, 814, 815, 816], "excluded_lines": []}}}, "src\\core\\data_processing.py": {"executed_lines": [1, 2, 3, 4, 5, 6, 7, 8, 9, 10, 11, 12, 13, 16, 19, 31, 35, 38, 39, 40, 41, 43, 45, 49, 53, 55, 57, 59, 69, 71, 73, 84, 86, 88, 89, 91, 93, 94, 95, 96, 99, 100, 102, 104, 105, 107, 109, 110, 111, 112, 115, 116, 118, 122, 123, 125, 127, 128, 130, 132, 133, 134, 135, 137, 138, 141, 155, 156, 159, 160, 163, 164, 165, 184, 195, 197, 198, 201, 215, 217, 218, 219, 220, 223, 224, 226, 227, 228, 230, 233, 244, 245, 247, 248, 250, 251, 254, 275, 276, 278, 279, 280, 282, 283, 286, 287, 288, 289, 292, 293, 294, 295, 296, 297, 299, 303, 306, 307, 312, 313, 314, 315, 316, 317, 318, 319, 320, 321, 322, 324, 331, 332, 333, 336, 337, 338, 341, 342, 343, 344, 345, 346, 347, 348, 349, 350, 352, 353, 357, 358, 360, 363, 364, 366, 370, 371, 372, 374, 388, 391, 400, 401, 402, 405, 406, 408, 410, 411, 413, 416, 417, 418, 419, 420, 422, 424, 472, 480, 486, 487, 488, 489, 492, 493, 494, 495, 497, 498, 499, 500, 501, 502, 503, 504, 505, 507, 508, 509, 510, 511, 512, 513, 514, 515, 517, 518, 519, 520, 521, 522, 523, 524, 525, 527, 528, 529, 530, 531, 532, 533, 534, 535, 537, 539, 561, 685, 686, 696, 697, 698, 699, 700, 701, 702, 703, 704, 712, 713, 714, 715, 716, 717, 718, 719, 720, 727, 738, 749, 752, 763, 773, 774, 776, 777, 778, 779, 781, 782, 784, 786, 792, 793, 796, 797, 799, 802, 812, 816, 817, 819, 822, 823, 824, 826, 827, 830, 831, 837, 840, 841, 842, 844, 846, 849, 854, 855, 857, 860, 861, 867, 868, 869, 874, 876, 878, 881, 883, 886, 887, 888, 890, 891, 892, 895, 909, 912, 914, 931, 932, 933, 934, 935, 936, 937, 938, 939, 940, 943, 951, 953, 970, 971, 972, 973, 974, 975, 977, 978, 979, 980, 981, 982, 983, 985, 986, 987, 988, 989, 990, 997, 998, 999, 1000, 1001, 1002, 1003, 1004, 1010, 1022, 1023, 1026, 1029, 1034, 1035, 1037, 1183, 1185, 1315, 1327, 1331, 1332, 1333, 1336, 1363, 1365, 1366, 1369, 1370, 1373, 1374, 1375, 1376, 1377, 1378, 1380, 1381, 1382, 1385, 1386, 1388, 1391, 1392, 1393, 1394, 1397, 1398, 1401, 1404, 1405, 1406, 1409, 1410, 1413, 1414, 1416, 1417, 1418, 1419, 1422, 1423, 1424, 1425, 1428, 1429, 1430, 1432, 1436, 1437, 1438, 1440, 1444, 1445, 1447, 1449, 1451, 1454, 1457, 1458, 1459, 1460, 1461, 1463, 1465, 1467, 1468, 1469, 1472, 1474, 1475, 1477, 1478, 1479, 1481, 1489, 1496, 1499, 1500, 1502, 1503, 1514, 1515, 1518, 1521, 1522, 1524, 1527, 1530, 1556, 1561, 1562, 1564, 1566, 1568, 1569, 1571, 1573, 1576, 1577, 1579, 1586, 1587, 1589, 1590, 1593, 1594, 1596, 1599, 1600, 1604, 1611, 1612, 1613, 1614, 1616, 1624, 1625, 1626, 1627, 1629, 1641, 1642, 1644, 1646, 1649, 1650, 1652, 1663, 1664, 1666, 1678, 1681, 1683, 1686, 1687, 1689, 1691, 1693, 1695, 1697, 1699, 1701, 1703, 1705, 1707, 1709, 1711, 1713, 1720, 1721, 1724, 1738, 1741, 1742, 1744, 1745, 1756, 1757, 1760, 1763, 1766, 1767, 1770, 1771, 1773, 1775, 1776], "summary": {"covered_lines": 524, "num_statements": 778, "percent_covered": 67.3521850899743, "percent_covered_display": "67", "missing_lines": 254, "excluded_lines": 0}, "missing_lines": [60, 62, 64, 65, 66, 67, 74, 76, 78, 79, 80, 81, 167, 179, 181, 229, 300, 301, 355, 435, 436, 439, 442, 443, 445, 446, 449, 455, 456, 457, 459, 461, 462, 464, 465, 468, 470, 546, 547, 549, 551, 553, 555, 557, 558, 559, 581, 582, 584, 585, 588, 591, 598, 605, 606, 608, 609, 612, 613, 616, 617, 620, 623, 633, 636, 646, 649, 659, 660, 663, 665, 666, 669, 671, 674, 677, 682, 832, 833, 834, 835, 862, 865, 866, 896, 955, 961, 962, 963, 964, 966, 967, 976, 991, 992, 993, 994, 995, 996, 1005, 1006, 1007, 1011, 1024, 1027, 1030, 1062, 1063, 1064, 1065, 1066, 1067, 1068, 1069, 1070, 1073, 1075, 1076, 1077, 1078, 1081, 1090, 1093, 1094, 1100, 1101, 1102, 1103, 1104, 1105, 1108, 1109, 1110, 1112, 1113, 1114, 1115, 1118, 1131, 1133, 1136, 1139, 1142, 1144, 1145, 1147, 1150, 1151, 1153, 1154, 1155, 1156, 1158, 1159, 1160, 1161, 1162, 1163, 1164, 1165, 1168, 1169, 1203, 1204, 1205, 1206, 1207, 1208, 1209, 1210, 1211, 1212, 1215, 1223, 1225, 1227, 1233, 1234, 1235, 1236, 1238, 1239, 1242, 1243, 1244, 1245, 1246, 1247, 1249, 1250, 1251, 1253, 1254, 1255, 1257, 1258, 1259, 1260, 1261, 1262, 1263, 1267, 1268, 1269, 1270, 1271, 1272, 1273, 1274, 1276, 1277, 1278, 1279, 1281, 1282, 1283, 1284, 1286, 1287, 1288, 1289, 1290, 1291, 1292, 1293, 1294, 1295, 1296, 1297, 1298, 1299, 1300, 1303, 1304, 1316, 1317, 1319, 1320, 1322, 1323, 1557, 1558, 1580, 1581, 1582, 1583, 1584, 1647, 1679, 1684, 1692, 1698, 1704, 1710], "excluded_lines": [], "functions": {"pre_process_data": {"executed_lines": [31, 35, 38, 39, 40, 41, 43, 45, 49, 53, 55, 57, 59, 69, 71, 73, 84, 86, 88, 89, 91, 93, 94, 95, 96, 99, 100, 102, 104, 105, 107, 109, 110, 111, 112, 115, 116, 118, 122, 123, 125, 127, 128, 130, 132, 133, 134, 135, 137, 138], "summary": {"covered_lines": 50, "num_statements": 62, "percent_covered": 80.64516129032258, "percent_covered_display": "81", "missing_lines": 12, "excluded_lines": 0}, "missing_lines": [60, 62, 64, 65, 66, 67, 74, 76, 78, 79, 80, 81], "excluded_lines": []}, "pre_process_data_M50": {"executed_lines": [155, 156, 159, 160, 163, 164, 165], "summary": {"covered_lines": 7, "num_statements": 10, "percent_covered": 70.0, "percent_covered_display": "70", "missing_lines": 3, "excluded_lines": 0}, "missing_lines": [167, 179, 181], "excluded_lines": []}, "generate_cache_hash": {"executed_lines": [195, 197, 198], "summary": {"covered_lines": 3, "num_statements": 3, "percent_covered": 100.0, "percent_covered_display": "100", "missing_lines": 0, "excluded_lines": 0}, "missing_lines": [], "excluded_lines": []}, "load_from_cache": {"executed_lines": [215, 217, 218, 219, 220, 223, 224, 226, 227, 228, 230], "summary": {"covered_lines": 11, "num_statements": 12, "percent_covered": 91.66666666666667, "percent_covered_display": "92", "missing_lines": 1, "excluded_lines": 0}, "missing_lines": [229], "excluded_lines": []}, "save_to_cache": {"executed_lines": [244, 245, 247, 248, 250, 251], "summary": {"covered_lines": 6, "num_statements": 6, "percent_covered": 100.0, "percent_covered_display": "100", "missing_lines": 0, "excluded_lines": 0}, "missing_lines": [], "excluded_lines": []}, "select_feature_vector": {"executed_lines": [275, 276, 278, 279, 280, 282, 283, 286, 287, 288, 289, 292, 293, 294, 295, 296, 297, 299, 303], "summary": {"covered_lines": 19, "num_statements": 21, "percent_covered": 90.47619047619048, "percent_covered_display": "90", "missing_lines": 2, "excluded_lines": 0}, "missing_lines": [300, 301], "excluded_lines": []}, "Dataset_COMP.__init__": {"executed_lines": [312, 313, 314, 315, 316, 317, 318, 319, 320, 321, 322], "summary": {"covered_lines": 11, "num_statements": 11, "percent_covered": 100.0, "percent_covered_display": "100", "missing_lines": 0, "excluded_lines": 0}, "missing_lines": [], "excluded_lines": []}, "Dataset_COMP.apply_inverse_transform": {"executed_lines": [331, 332, 333, 336, 337, 338, 341, 342, 343, 344, 345, 346, 347, 348, 349, 350, 352, 353], "summary": {"covered_lines": 18, "num_statements": 19, "percent_covered": 94.73684210526316, "percent_covered_display": "95", "missing_lines": 1, "excluded_lines": 0}, "missing_lines": [355], "excluded_lines": []}, "Dataset_COMP.__len__": {"executed_lines": [358], "summary": {"covered_lines": 1, "num_statements": 1, "percent_covered": 100.0, "percent_covered_display": "100", "missing_lines": 0, "excluded_lines": 0}, "missing_lines": [], "excluded_lines": []}, "Dataset_COMP.reshape2feature": {"executed_lines": [363, 364], "summary": {"covered_lines": 2, "num_statements": 2, "percent_covered": 100.0, "percent_covered_display": "100", "missing_lines": 0, "excluded_lines": 0}, "missing_lines": [], "excluded_lines": []}, "Dataset_COMP.reshape2sample": {"executed_lines": [370, 371, 372], "summary": {"covered_lines": 3, "num_statements": 3, "percent_covered": 100.0, "percent_covered_display": "100", "missing_lines": 0, "excluded_lines": 0}, "missing_lines": [], "excluded_lines": []}, "Dataset_COMP.select": {"executed_lines": [388, 391, 400, 401, 402, 405, 406, 408, 410, 411, 413, 416, 417, 418, 419, 420, 422], "summary": {"covered_lines": 17, "num_statements": 17, "percent_covered": 100.0, "percent_covered_display": "100", "missing_lines": 0, "excluded_lines": 0}, "missing_lines": [], "excluded_lines": []}, "Dataset_COMP.to_csv": {"executed_lines": [], "summary": {"covered_lines": 0, "num_statements": 18, "percent_covered": 0.0, "percent_covered_display": "0", "missing_lines": 18, "excluded_lines": 0}, "missing_lines": [435, 436, 439, 442, 443, 445, 446, 449, 455, 456, 457, 459, 461, 462, 464, 465, 468, 470], "excluded_lines": []}, "Dataset_COMP.shuffle_and_split_data": {"executed_lines": [480, 486, 487, 488, 489, 492, 493, 494, 495, 497, 498, 499, 500, 501, 502, 503, 504, 505, 507, 508, 509, 510, 511, 512, 513, 514, 515, 517, 518, 519, 520, 521, 522, 523, 524, 525, 527, 528, 529, 530, 531, 532, 533, 534, 535, 537], "summary": {"covered_lines": 46, "num_statements": 46, "percent_covered": 100.0, "percent_covered_display": "100", "missing_lines": 0, "excluded_lines": 0}, "missing_lines": [], "excluded_lines": []}, "Dataset_COMP.plot_target_and_origin": {"executed_lines": [], "summary": {"covered_lines": 0, "num_statements": 9, "percent_covered": 0.0, "percent_covered_display": "0", "missing_lines": 9, "excluded_lines": 0}, "missing_lines": [546, 547, 549, 551, 553, 555, 557, 558, 559], "excluded_lines": []}, "Dataset_COMP.export_to_wave": {"executed_lines": [], "summary": {"covered_lines": 0, "num_statements": 31, "percent_covered": 0.0, "percent_covered_display": "0", "missing_lines": 31, "excluded_lines": 0}, "missing_lines": [581, 582, 584, 585, 588, 591, 598, 605, 606, 608, 609, 612, 613, 616, 617, 620, 623, 633, 636, 646, 649, 659, 660, 663, 665, 666, 669, 671, 674, 677, 682], "excluded_lines": []}, "Dataset_COMP_MET.__init__": {"executed_lines": [696, 697, 698, 699, 700, 701, 702, 703, 704, 712, 713, 714, 715, 716, 717, 718, 719, 720], "summary": {"covered_lines": 18, "num_statements": 18, "percent_covered": 100.0, "percent_covered_display": "100", "missing_lines": 0, "excluded_lines": 0}, "missing_lines": [], "excluded_lines": []}, "load_and_preprocess_data": {"executed_lines": [738, 749], "summary": {"covered_lines": 2, "num_statements": 2, "percent_covered": 100.0, "percent_covered_display": "100", "missing_lines": 0, "excluded_lines": 0}, "missing_lines": [], "excluded_lines": []}, "prepare_features_comp": {"executed_lines": [763, 773, 774, 776, 777, 778, 779, 781, 782, 784, 786, 792, 793, 796, 797, 799, 802, 812, 816, 817, 819, 822, 823, 824, 826, 827, 830, 831, 837, 840, 841, 842, 844, 846, 849, 854, 855, 857, 860, 861, 867, 868, 869, 874, 876, 878, 881, 883, 886, 887, 888, 890, 891, 892, 895, 909], "summary": {"covered_lines": 56, "num_statements": 64, "percent_covered": 87.5, "percent_covered_display": "88", "missing_lines": 8, "excluded_lines": 0}, "missing_lines": [832, 833, 834, 835, 862, 865, 866, 896], "excluded_lines": []}, "Dataset_COMP_PE.__init__": {"executed_lines": [931, 932, 933, 934, 935, 936, 937, 938, 939, 940, 943, 951, 953, 970, 971, 972, 975, 977, 978, 979, 980, 981, 982, 983, 985, 986, 987, 988, 989, 990, 997, 998, 999, 1000, 1001, 1002, 1003, 1004, 1010], "summary": {"covered_lines": 39, "num_statements": 57, "percent_covered": 68.42105263157895, "percent_covered_display": "68", "missing_lines": 18, "excluded_lines": 0}, "missing_lines": [955, 961, 962, 963, 964, 966, 967, 976, 991, 992, 993, 994, 995, 996, 1005, 1006, 1007, 1011], "excluded_lines": []}, "Dataset_COMP_PE.__init__.fn_ori": {"executed_lines": [973], "summary": {"covered_lines": 1, "num_statements": 1, "percent_covered": 100.0, "percent_covered_display": "100", "missing_lines": 0, "excluded_lines": 0}, "missing_lines": [], "excluded_lines": []}, "Dataset_COMP_PE.__init__.fn_tar": {"executed_lines": [974], "summary": {"covered_lines": 1, "num_statements": 1, "percent_covered": 100.0, "percent_covered_display": "100", "missing_lines": 0, "excluded_lines": 0}, "missing_lines": [], "excluded_lines": []}, "Dataset_COMP_PE.check_shape": {"executed_lines": [1023, 1026, 1029], "summary": {"covered_lines": 3, "num_statements": 6, "percent_covered": 50.0, "percent_covered_display": "50", "missing_lines": 3, "excluded_lines": 0}, "missing_lines": [1024, 1027, 1030], "excluded_lines": []}, "Dataset_COMP_Alias.__init__": {"executed_lines": [], "summary": {"covered_lines": 0, "num_statements": 56, "percent_covered": 0.0, "percent_covered_display": "0", "missing_lines": 56, "excluded_lines": 0}, "missing_lines": [1062, 1063, 1064, 1065, 1066, 1067, 1068, 1069, 1070, 1073, 1075, 1076, 1077, 1078, 1081, 1090, 1093, 1094, 1100, 1101, 1102, 1103, 1104, 1105, 1108, 1109, 1110, 1112, 1113, 1114, 1115, 1118, 1131, 1133, 1136, 1139, 1142, 1144, 1145, 1147, 1150, 1151, 1153, 1154, 1155, 1156, 1158, 1159, 1160, 1161, 1162, 1163, 1164, 1165, 1168, 1169], "excluded_lines": []}, "Dataset_COMP_AliasSimu.__init__": {"executed_lines": [], "summary": {"covered_lines": 0, "num_statements": 72, "percent_covered": 0.0, "percent_covered_display": "0", "missing_lines": 72, "excluded_lines": 0}, "missing_lines": [1203, 1204, 1205, 1206, 1207, 1208, 1209, 1210, 1211, 1212, 1215, 1223, 1225, 1227, 1233, 1234, 1235, 1236, 1238, 1239, 1242, 1243, 1244, 1245, 1246, 1247, 1249, 1250, 1251, 1253, 1254, 1255, 1257, 1258, 1259, 1260, 1261, 1262, 1263, 1267, 1268, 1269, 1270, 1271, 1272, 1273, 1274, 1276, 1277, 1278, 1279, 1281, 1282, 1283, 1284, 1286, 1287, 1288, 1289, 1290, 1291, 1292, 1293, 1294, 1295, 1296, 1297, 1298, 1299, 1300, 1303, 1304], "excluded_lines": []}, "Dataset_COMP_AliasSimu.check_shape": {"executed_lines": [], "summary": {"covered_lines": 0, "num_statements": 6, "percent_covered": 0.0, "percent_covered_display": "0", "missing_lines": 6, "excluded_lines": 0}, "missing_lines": [1316, 1317, 1319, 1320, 1322, 1323], "excluded_lines": []}, "pad_to_shape": {"executed_lines": [1331, 1332, 1333], "summary": {"covered_lines": 3, "num_statements": 3, "percent_covered": 100.0, "percent_covered_display": "100", "missing_lines": 0, "excluded_lines": 0}, "missing_lines": [], "excluded_lines": []}, "shuffle_and_split_data": {"executed_lines": [1363, 1365, 1366, 1369, 1370, 1373, 1374, 1375, 1376, 1377, 1378, 1380, 1381, 1382, 1385, 1386, 1388, 1391, 1392, 1393, 1394, 1397, 1398, 1401, 1404, 1405, 1406, 1409, 1410, 1413, 1414, 1416, 1417, 1418, 1419, 1422, 1423, 1424, 1425, 1428, 1429, 1430, 1432, 1436, 1437, 1438, 1440, 1444, 1445, 1447, 1449, 1451, 1454], "summary": {"covered_lines": 53, "num_statements": 53, "percent_covered": 100.0, "percent_covered_display": "100", "missing_lines": 0, "excluded_lines": 0}, "missing_lines": [], "excluded_lines": []}, "CustomScaler.__init__": {"executed_lines": [1459, 1460, 1461], "summary": {"covered_lines": 3, "num_statements": 3, "percent_covered": 100.0, "percent_covered_display": "100", "missing_lines": 0, "excluded_lines": 0}, "missing_lines": [], "excluded_lines": []}, "CustomScaler.fit": {"executed_lines": [1465, 1467, 1468, 1469], "summary": {"covered_lines": 4, "num_statements": 4, "percent_covered": 100.0, "percent_covered_display": "100", "missing_lines": 0, "excluded_lines": 0}, "missing_lines": [], "excluded_lines": []}, "CustomScaler.transform": {"executed_lines": [1474, 1475], "summary": {"covered_lines": 2, "num_statements": 2, "percent_covered": 100.0, "percent_covered_display": "100", "missing_lines": 0, "excluded_lines": 0}, "missing_lines": [], "excluded_lines": []}, "CustomScaler.fit_transform": {"executed_lines": [1478, 1479], "summary": {"covered_lines": 2, "num_statements": 2, "percent_covered": 100.0, "percent_covered_display": "100", "missing_lines": 0, "excluded_lines": 0}, "missing_lines": [], "excluded_lines": []}, "CustomScaler.dump_json": {"executed_lines": [1489, 1496, 1499, 1500], "summary": {"covered_lines": 4, "num_statements": 4, "percent_covered": 100.0, "percent_covered_display": "100", "missing_lines": 0, "excluded_lines": 0}, "missing_lines": [], "excluded_lines": []}, "CustomScaler.from_json": {"executed_lines": [1514, 1515, 1518, 1521, 1522, 1524], "summary": {"covered_lines": 6, "num_statements": 6, "percent_covered": 100.0, "percent_covered_display": "100", "missing_lines": 0, "excluded_lines": 0}, "missing_lines": [], "excluded_lines": []}, "augment_data": {"executed_lines": [1556, 1561, 1562, 1564, 1566, 1568, 1569, 1571, 1573, 1576, 1577, 1579, 1586, 1587, 1589, 1590, 1593, 1594, 1596], "summary": {"covered_lines": 19, "num_statements": 26, "percent_covered": 73.07692307692308, "percent_covered_display": "73", "missing_lines": 7, "excluded_lines": 0}, "missing_lines": [1557, 1558, 1580, 1581, 1582, 1583, 1584], "excluded_lines": []}, "CombinedScaler.__init__": {"executed_lines": [1611, 1612, 1613, 1614], "summary": {"covered_lines": 4, "num_statements": 4, "percent_covered": 100.0, "percent_covered_display": "100", "missing_lines": 0, "excluded_lines": 0}, "missing_lines": [], "excluded_lines": []}, "CombinedScaler.fit": {"executed_lines": [1624, 1625, 1626, 1627], "summary": {"covered_lines": 4, "num_statements": 4, "percent_covered": 100.0, "percent_covered_display": "100", "missing_lines": 0, "excluded_lines": 0}, "missing_lines": [], "excluded_lines": []}, "CombinedScaler.transform": {"executed_lines": [1641, 1642, 1644, 1646, 1649, 1650], "summary": {"covered_lines": 6, "num_statements": 7, "percent_covered": 85.71428571428571, "percent_covered_display": "86", "missing_lines": 1, "excluded_lines": 0}, "missing_lines": [1647], "excluded_lines": []}, "CombinedScaler.fit_transform": {"executed_lines": [1663, 1664], "summary": {"covered_lines": 2, "num_statements": 2, "percent_covered": 100.0, "percent_covered_display": "100", "missing_lines": 0, "excluded_lines": 0}, "missing_lines": [], "excluded_lines": []}, "CombinedScaler.inverse_transform": {"executed_lines": [1678, 1681, 1683, 1686, 1687], "summary": {"covered_lines": 5, "num_statements": 7, "percent_covered": 71.42857142857143, "percent_covered_display": "71", "missing_lines": 2, "excluded_lines": 0}, "missing_lines": [1679, 1684], "excluded_lines": []}, "CombinedScaler.transform_x": {"executed_lines": [1691, 1693], "summary": {"covered_lines": 2, "num_statements": 3, "percent_covered": 66.66666666666667, "percent_covered_display": "67", "missing_lines": 1, "excluded_lines": 0}, "missing_lines": [1692], "excluded_lines": []}, "CombinedScaler.transform_y": {"executed_lines": [1697, 1699], "summary": {"covered_lines": 2, "num_statements": 3, "percent_covered": 66.66666666666667, "percent_covered_display": "67", "missing_lines": 1, "excluded_lines": 0}, "missing_lines": [1698], "excluded_lines": []}, "CombinedScaler.inverse_transform_x": {"executed_lines": [1703, 1705], "summary": {"covered_lines": 2, "num_statements": 3, "percent_covered": 66.66666666666667, "percent_covered_display": "67", "missing_lines": 1, "excluded_lines": 0}, "missing_lines": [1704], "excluded_lines": []}, "CombinedScaler.inverse_transform_y": {"executed_lines": [1709, 1711], "summary": {"covered_lines": 2, "num_statements": 3, "percent_covered": 66.66666666666667, "percent_covered_display": "67", "missing_lines": 1, "excluded_lines": 0}, "missing_lines": [1710], "excluded_lines": []}, "CombinedScaler.dump_json": {"executed_lines": [1720, 1721, 1724, 1738, 1741, 1742], "summary": {"covered_lines": 6, "num_statements": 6, "percent_covered": 100.0, "percent_covered_display": "100", "missing_lines": 0, "excluded_lines": 0}, "missing_lines": [], "excluded_lines": []}, "CombinedScaler.from_json": {"executed_lines": [1756, 1757, 1760, 1763, 1766, 1767, 1770, 1771, 1773], "summary": {"covered_lines": 9, "num_statements": 9, "percent_covered": 100.0, "percent_covered_display": "100", "missing_lines": 0, "excluded_lines": 0}, "missing_lines": [], "excluded_lines": []}, "CombinedScaler.__repr__": {"executed_lines": [1776], "summary": {"covered_lines": 1, "num_statements": 1, "percent_covered": 100.0, "percent_covered_display": "100", "missing_lines": 0, "excluded_lines": 0}, "missing_lines": [], "excluded_lines": []}, "": {"executed_lines": [1, 2, 3, 4, 5, 6, 7, 8, 9, 10, 11, 12, 13, 16, 19, 141, 184, 201, 233, 254, 306, 307, 324, 357, 360, 366, 374, 424, 472, 539, 561, 685, 686, 727, 752, 912, 914, 1022, 1034, 1035, 1037, 1183, 1185, 1315, 1327, 1336, 1457, 1458, 1463, 1472, 1477, 1481, 1502, 1503, 1527, 1530, 1599, 1600, 1604, 1616, 1629, 1652, 1666, 1689, 1695, 1701, 1707, 1713, 1744, 1745, 1775], "summary": {"covered_lines": 69, "num_statements": 69, "percent_covered": 100.0, "percent_covered_display": "100", "missing_lines": 0, "excluded_lines": 0}, "missing_lines": [], "excluded_lines": []}}, "classes": {"Dataset_COMP": {"executed_lines": [312, 313, 314, 315, 316, 317, 318, 319, 320, 321, 322, 331, 332, 333, 336, 337, 338, 341, 342, 343, 344, 345, 346, 347, 348, 349, 350, 352, 353, 358, 363, 364, 370, 371, 372, 388, 391, 400, 401, 402, 405, 406, 408, 410, 411, 413, 416, 417, 418, 419, 420, 422, 480, 486, 487, 488, 489, 492, 493, 494, 495, 497, 498, 499, 500, 501, 502, 503, 504, 505, 507, 508, 509, 510, 511, 512, 513, 514, 515, 517, 518, 519, 520, 521, 522, 523, 524, 525, 527, 528, 529, 530, 531, 532, 533, 534, 535, 537], "summary": {"covered_lines": 98, "num_statements": 157, "percent_covered": 62.4203821656051, "percent_covered_display": "62", "missing_lines": 59, "excluded_lines": 0}, "missing_lines": [355, 435, 436, 439, 442, 443, 445, 446, 449, 455, 456, 457, 459, 461, 462, 464, 465, 468, 470, 546, 547, 549, 551, 553, 555, 557, 558, 559, 581, 582, 584, 585, 588, 591, 598, 605, 606, 608, 609, 612, 613, 616, 617, 620, 623, 633, 636, 646, 649, 659, 660, 663, 665, 666, 669, 671, 674, 677, 682], "excluded_lines": []}, "Dataset_COMP_MET": {"executed_lines": [696, 697, 698, 699, 700, 701, 702, 703, 704, 712, 713, 714, 715, 716, 717, 718, 719, 720], "summary": {"covered_lines": 18, "num_statements": 18, "percent_covered": 100.0, "percent_covered_display": "100", "missing_lines": 0, "excluded_lines": 0}, "missing_lines": [], "excluded_lines": []}, "Dataset_COMP_PE": {"executed_lines": [931, 932, 933, 934, 935, 936, 937, 938, 939, 940, 943, 951, 953, 970, 971, 972, 973, 974, 975, 977, 978, 979, 980, 981, 982, 983, 985, 986, 987, 988, 989, 990, 997, 998, 999, 1000, 1001, 1002, 1003, 1004, 1010, 1023, 1026, 1029], "summary": {"covered_lines": 44, "num_statements": 65, "percent_covered": 67.6923076923077, "percent_covered_display": "68", "missing_lines": 21, "excluded_lines": 0}, "missing_lines": [955, 961, 962, 963, 964, 966, 967, 976, 991, 992, 993, 994, 995, 996, 1005, 1006, 1007, 1011, 1024, 1027, 1030], "excluded_lines": []}, "Dataset_COMP_Alias": {"executed_lines": [], "summary": {"covered_lines": 0, "num_statements": 56, "percent_covered": 0.0, "percent_covered_display": "0", "missing_lines": 56, "excluded_lines": 0}, "missing_lines": [1062, 1063, 1064, 1065, 1066, 1067, 1068, 1069, 1070, 1073, 1075, 1076, 1077, 1078, 1081, 1090, 1093, 1094, 1100, 1101, 1102, 1103, 1104, 1105, 1108, 1109, 1110, 1112, 1113, 1114, 1115, 1118, 1131, 1133, 1136, 1139, 1142, 1144, 1145, 1147, 1150, 1151, 1153, 1154, 1155, 1156, 1158, 1159, 1160, 1161, 1162, 1163, 1164, 1165, 1168, 1169], "excluded_lines": []}, "Dataset_COMP_AliasSimu": {"executed_lines": [], "summary": {"covered_lines": 0, "num_statements": 78, "percent_covered": 0.0, "percent_covered_display": "0", "missing_lines": 78, "excluded_lines": 0}, "missing_lines": [1203, 1204, 1205, 1206, 1207, 1208, 1209, 1210, 1211, 1212, 1215, 1223, 1225, 1227, 1233, 1234, 1235, 1236, 1238, 1239, 1242, 1243, 1244, 1245, 1246, 1247, 1249, 1250, 1251, 1253, 1254, 1255, 1257, 1258, 1259, 1260, 1261, 1262, 1263, 1267, 1268, 1269, 1270, 1271, 1272, 1273, 1274, 1276, 1277, 1278, 1279, 1281, 1282, 1283, 1284, 1286, 1287, 1288, 1289, 1290, 1291, 1292, 1293, 1294, 1295, 1296, 1297, 1298, 1299, 1300, 1303, 1304, 1316, 1317, 1319, 1320, 1322, 1323], "excluded_lines": []}, "CustomScaler": {"executed_lines": [1459, 1460, 1461, 1465, 1467, 1468, 1469, 1474, 1475, 1478, 1479, 1489, 1496, 1499, 1500, 1514, 1515, 1518, 1521, 1522, 1524], "summary": {"covered_lines": 21, "num_statements": 21, "percent_covered": 100.0, "percent_covered_display": "100", "missing_lines": 0, "excluded_lines": 0}, "missing_lines": [], "excluded_lines": []}, "CombinedScaler": {"executed_lines": [1611, 1612, 1613, 1614, 1624, 1625, 1626, 1627, 1641, 1642, 1644, 1646, 1649, 1650, 1663, 1664, 1678, 1681, 1683, 1686, 1687, 1691, 1693, 1697, 1699, 1703, 1705, 1709, 1711, 1720, 1721, 1724, 1738, 1741, 1742, 1756, 1757, 1760, 1763, 1766, 1767, 1770, 1771, 1773, 1776], "summary": {"covered_lines": 45, "num_statements": 52, "percent_covered": 86.53846153846153, "percent_covered_display": "87", "missing_lines": 7, "excluded_lines": 0}, "missing_lines": [1647, 1679, 1684, 1692, 1698, 1704, 1710], "excluded_lines": []}, "": {"executed_lines": [1, 2, 3, 4, 5, 6, 7, 8, 9, 10, 11, 12, 13, 16, 19, 31, 35, 38, 39, 40, 41, 43, 45, 49, 53, 55, 57, 59, 69, 71, 73, 84, 86, 88, 89, 91, 93, 94, 95, 96, 99, 100, 102, 104, 105, 107, 109, 110, 111, 112, 115, 116, 118, 122, 123, 125, 127, 128, 130, 132, 133, 134, 135, 137, 138, 141, 155, 156, 159, 160, 163, 164, 165, 184, 195, 197, 198, 201, 215, 217, 218, 219, 220, 223, 224, 226, 227, 228, 230, 233, 244, 245, 247, 248, 250, 251, 254, 275, 276, 278, 279, 280, 282, 283, 286, 287, 288, 289, 292, 293, 294, 295, 296, 297, 299, 303, 306, 307, 324, 357, 360, 366, 374, 424, 472, 539, 561, 685, 686, 727, 738, 749, 752, 763, 773, 774, 776, 777, 778, 779, 781, 782, 784, 786, 792, 793, 796, 797, 799, 802, 812, 816, 817, 819, 822, 823, 824, 826, 827, 830, 831, 837, 840, 841, 842, 844, 846, 849, 854, 855, 857, 860, 861, 867, 868, 869, 874, 876, 878, 881, 883, 886, 887, 888, 890, 891, 892, 895, 909, 912, 914, 1022, 1034, 1035, 1037, 1183, 1185, 1315, 1327, 1331, 1332, 1333, 1336, 1363, 1365, 1366, 1369, 1370, 1373, 1374, 1375, 1376, 1377, 1378, 1380, 1381, 1382, 1385, 1386, 1388, 1391, 1392, 1393, 1394, 1397, 1398, 1401, 1404, 1405, 1406, 1409, 1410, 1413, 1414, 1416, 1417, 1418, 1419, 1422, 1423, 1424, 1425, 1428, 1429, 1430, 1432, 1436, 1437, 1438, 1440, 1444, 1445, 1447, 1449, 1451, 1454, 1457, 1458, 1463, 1472, 1477, 1481, 1502, 1503, 1527, 1530, 1556, 1561, 1562, 1564, 1566, 1568, 1569, 1571, 1573, 1576, 1577, 1579, 1586, 1587, 1589, 1590, 1593, 1594, 1596, 1599, 1600, 1604, 1616, 1629, 1652, 1666, 1689, 1695, 1701, 1707, 1713, 1744, 1745, 1775], "summary": {"covered_lines": 298, "num_statements": 331, "percent_covered": 90.03021148036254, "percent_covered_display": "90", "missing_lines": 33, "excluded_lines": 0}, "missing_lines": [60, 62, 64, 65, 66, 67, 74, 76, 78, 79, 80, 81, 167, 179, 181, 229, 300, 301, 832, 833, 834, 835, 862, 865, 866, 896, 1557, 1558, 1580, 1581, 1582, 1583, 1584], "excluded_lines": []}}}, "src\\core\\external_cli_handler.py": {"executed_lines": [], "summary": {"covered_lines": 0, "num_statements": 257, "percent_covered": 0.0, "percent_covered_display": "0", "missing_lines": 257, "excluded_lines": 0}, "missing_lines": [9, 10, 11, 12, 13, 15, 16, 18, 21, 34, 35, 37, 38, 39, 41, 42, 43, 44, 45, 46, 49, 50, 51, 52, 53, 56, 67, 70, 71, 72, 73, 74, 75, 76, 79, 80, 82, 83, 84, 86, 87, 90, 100, 101, 104, 105, 106, 107, 108, 109, 110, 111, 112, 113, 115, 118, 119, 120, 122, 125, 127, 154, 156, 169, 171, 191, 193, 213, 215, 239, 249, 251, 254, 257, 258, 259, 260, 261, 262, 263, 264, 265, 266, 268, 269, 271, 272, 273, 275, 277, 293, 295, 296, 297, 300, 302, 304, 306, 307, 308, 309, 310, 311, 312, 313, 314, 317, 319, 321, 324, 325, 327, 328, 329, 332, 333, 335, 336, 337, 339, 340, 342, 343, 344, 345, 346, 347, 350, 365, 366, 369, 370, 372, 373, 375, 376, 377, 380, 388, 389, 390, 391, 392, 393, 394, 395, 396, 397, 398, 399, 400, 401, 402, 403, 404, 405, 406, 407, 408, 409, 410, 411, 412, 413, 414, 415, 416, 417, 418, 419, 420, 421, 422, 423, 426, 427, 428, 429, 431, 432, 434, 436, 437, 438, 439, 442, 443, 444, 445, 447, 448, 449, 450, 451, 452, 453, 464, 465, 466, 467, 468, 469, 470, 471, 473, 474, 476, 477, 478, 479, 480, 481, 482, 483, 484, 485, 486, 487, 490, 492, 493, 496, 498, 499, 502, 504, 505, 507, 514, 515, 516, 519, 521, 522, 523, 524, 527, 529, 561, 564, 566, 567, 569, 571, 572, 574, 575, 577, 579, 580, 581, 582, 583, 584, 588, 589, 591], "excluded_lines": [], "functions": {"handle_ep_command": {"executed_lines": [], "summary": {"covered_lines": 0, "num_statements": 16, "percent_covered": 0.0, "percent_covered_display": "0", "missing_lines": 16, "excluded_lines": 0}, "missing_lines": [34, 35, 37, 38, 39, 41, 42, 43, 44, 45, 46, 49, 50, 51, 52, 53], "excluded_lines": []}, "execute_external_task_auto": {"executed_lines": [], "summary": {"covered_lines": 0, "num_statements": 15, "percent_covered": 0.0, "percent_covered_display": "0", "missing_lines": 15, "excluded_lines": 0}, "missing_lines": [67, 70, 71, 72, 73, 74, 75, 76, 79, 80, 82, 83, 84, 86, 87], "excluded_lines": []}, "create_external_template": {"executed_lines": [], "summary": {"covered_lines": 0, "num_statements": 17, "percent_covered": 0.0, "percent_covered_display": "0", "missing_lines": 17, "excluded_lines": 0}, "missing_lines": [100, 101, 104, 105, 106, 107, 108, 109, 110, 111, 112, 113, 115, 118, 119, 120, 122], "excluded_lines": []}, "_create_freq_response_template": {"executed_lines": [], "summary": {"covered_lines": 0, "num_statements": 1, "percent_covered": 0.0, "percent_covered_display": "0", "missing_lines": 1, "excluded_lines": 0}, "missing_lines": [127], "excluded_lines": []}, "_create_wnet5_circuit_validation_template": {"executed_lines": [], "summary": {"covered_lines": 0, "num_statements": 1, "percent_covered": 0.0, "percent_covered_display": "0", "missing_lines": 1, "excluded_lines": 0}, "missing_lines": [156], "excluded_lines": []}, "_create_bias_visualization_template": {"executed_lines": [], "summary": {"covered_lines": 0, "num_statements": 1, "percent_covered": 0.0, "percent_covered_display": "0", "missing_lines": 1, "excluded_lines": 0}, "missing_lines": [171], "excluded_lines": []}, "_create_waveform_analysis_template": {"executed_lines": [], "summary": {"covered_lines": 0, "num_statements": 1, "percent_covered": 0.0, "percent_covered_display": "0", "missing_lines": 1, "excluded_lines": 0}, "missing_lines": [193], "excluded_lines": []}, "_create_generic_template": {"executed_lines": [], "summary": {"covered_lines": 0, "num_statements": 1, "percent_covered": 0.0, "percent_covered_display": "0", "missing_lines": 1, "excluded_lines": 0}, "missing_lines": [215], "excluded_lines": []}, "_execute_task": {"executed_lines": [], "summary": {"covered_lines": 0, "num_statements": 18, "percent_covered": 0.0, "percent_covered_display": "0", "missing_lines": 18, "excluded_lines": 0}, "missing_lines": [249, 251, 254, 257, 258, 259, 260, 261, 262, 263, 264, 265, 266, 268, 269, 271, 272, 273], "excluded_lines": []}, "_create_freq_response_compensator_template": {"executed_lines": [], "summary": {"covered_lines": 0, "num_statements": 1, "percent_covered": 0.0, "percent_covered_display": "0", "missing_lines": 1, "excluded_lines": 0}, "missing_lines": [277], "excluded_lines": []}, "_load_config": {"executed_lines": [], "summary": {"covered_lines": 0, "num_statements": 3, "percent_covered": 0.0, "percent_covered_display": "0", "missing_lines": 3, "excluded_lines": 0}, "missing_lines": [295, 296, 297], "excluded_lines": []}, "_validate_config": {"executed_lines": [], "summary": {"covered_lines": 0, "num_statements": 11, "percent_covered": 0.0, "percent_covered_display": "0", "missing_lines": 11, "excluded_lines": 0}, "missing_lines": [302, 304, 306, 307, 308, 309, 310, 311, 312, 313, 314], "excluded_lines": []}, "_execute_freq_response_task": {"executed_lines": [], "summary": {"covered_lines": 0, "num_statements": 30, "percent_covered": 0.0, "percent_covered_display": "0", "missing_lines": 30, "excluded_lines": 0}, "missing_lines": [319, 321, 324, 325, 327, 328, 329, 332, 333, 335, 336, 337, 339, 340, 342, 343, 344, 345, 346, 347, 350, 365, 366, 369, 370, 372, 373, 375, 376, 377], "excluded_lines": []}, "_execute_freq_response_compensator_task": {"executed_lines": [], "summary": {"covered_lines": 0, "num_statements": 80, "percent_covered": 0.0, "percent_covered_display": "0", "missing_lines": 80, "excluded_lines": 0}, "missing_lines": [388, 389, 390, 391, 392, 393, 394, 395, 396, 397, 398, 399, 400, 401, 402, 403, 404, 405, 406, 407, 408, 409, 410, 411, 412, 413, 414, 415, 416, 417, 418, 419, 420, 421, 422, 423, 426, 427, 428, 429, 431, 432, 434, 436, 437, 438, 439, 442, 443, 444, 445, 447, 448, 449, 450, 451, 452, 453, 464, 465, 466, 467, 468, 469, 470, 471, 473, 474, 476, 477, 478, 479, 480, 481, 482, 483, 484, 485, 486, 487], "excluded_lines": []}, "_execute_bias_visualization_task": {"executed_lines": [], "summary": {"covered_lines": 0, "num_statements": 2, "percent_covered": 0.0, "percent_covered_display": "0", "missing_lines": 2, "excluded_lines": 0}, "missing_lines": [492, 493], "excluded_lines": []}, "_execute_waveform_analysis_task": {"executed_lines": [], "summary": {"covered_lines": 0, "num_statements": 2, "percent_covered": 0.0, "percent_covered_display": "0", "missing_lines": 2, "excluded_lines": 0}, "missing_lines": [498, 499], "excluded_lines": []}, "_save_task_metadata": {"executed_lines": [], "summary": {"covered_lines": 0, "num_statements": 6, "percent_covered": 0.0, "percent_covered_display": "0", "missing_lines": 6, "excluded_lines": 0}, "missing_lines": [504, 505, 507, 514, 515, 516], "excluded_lines": []}, "_calculate_config_hash": {"executed_lines": [], "summary": {"covered_lines": 0, "num_statements": 4, "percent_covered": 0.0, "percent_covered_display": "0", "missing_lines": 4, "excluded_lines": 0}, "missing_lines": [521, 522, 523, 524], "excluded_lines": []}, "_show_ep_help": {"executed_lines": [], "summary": {"covered_lines": 0, "num_statements": 2, "percent_covered": 0.0, "percent_covered_display": "0", "missing_lines": 2, "excluded_lines": 0}, "missing_lines": [529, 561], "excluded_lines": []}, "_execute_wnet5_circuit_validation_task": {"executed_lines": [], "summary": {"covered_lines": 0, "num_statements": 14, "percent_covered": 0.0, "percent_covered_display": "0", "missing_lines": 14, "excluded_lines": 0}, "missing_lines": [566, 567, 569, 571, 572, 574, 575, 577, 579, 580, 581, 582, 583, 584], "excluded_lines": []}, "": {"executed_lines": [], "summary": {"covered_lines": 0, "num_statements": 31, "percent_covered": 0.0, "percent_covered_display": "0", "missing_lines": 31, "excluded_lines": 0}, "missing_lines": [9, 10, 11, 12, 13, 15, 16, 18, 21, 56, 90, 125, 154, 169, 191, 213, 239, 275, 293, 300, 317, 380, 490, 496, 502, 519, 527, 564, 588, 589, 591], "excluded_lines": []}}, "classes": {"": {"executed_lines": [], "summary": {"covered_lines": 0, "num_statements": 257, "percent_covered": 0.0, "percent_covered_display": "0", "missing_lines": 257, "excluded_lines": 0}, "missing_lines": [9, 10, 11, 12, 13, 15, 16, 18, 21, 34, 35, 37, 38, 39, 41, 42, 43, 44, 45, 46, 49, 50, 51, 52, 53, 56, 67, 70, 71, 72, 73, 74, 75, 76, 79, 80, 82, 83, 84, 86, 87, 90, 100, 101, 104, 105, 106, 107, 108, 109, 110, 111, 112, 113, 115, 118, 119, 120, 122, 125, 127, 154, 156, 169, 171, 191, 193, 213, 215, 239, 249, 251, 254, 257, 258, 259, 260, 261, 262, 263, 264, 265, 266, 268, 269, 271, 272, 273, 275, 277, 293, 295, 296, 297, 300, 302, 304, 306, 307, 308, 309, 310, 311, 312, 313, 314, 317, 319, 321, 324, 325, 327, 328, 329, 332, 333, 335, 336, 337, 339, 340, 342, 343, 344, 345, 346, 347, 350, 365, 366, 369, 370, 372, 373, 375, 376, 377, 380, 388, 389, 390, 391, 392, 393, 394, 395, 396, 397, 398, 399, 400, 401, 402, 403, 404, 405, 406, 407, 408, 409, 410, 411, 412, 413, 414, 415, 416, 417, 418, 419, 420, 421, 422, 423, 426, 427, 428, 429, 431, 432, 434, 436, 437, 438, 439, 442, 443, 444, 445, 447, 448, 449, 450, 451, 452, 453, 464, 465, 466, 467, 468, 469, 470, 471, 473, 474, 476, 477, 478, 479, 480, 481, 482, 483, 484, 485, 486, 487, 490, 492, 493, 496, 498, 499, 502, 504, 505, 507, 514, 515, 516, 519, 521, 522, 523, 524, 527, 529, 561, 564, 566, 567, 569, 571, 572, 574, 575, 577, 579, 580, 581, 582, 583, 584, 588, 589, 591], "excluded_lines": []}}}, "src\\core\\external_path_parser.py": {"executed_lines": [], "summary": {"covered_lines": 0, "num_statements": 230, "percent_covered": 0.0, "percent_covered_display": "0", "missing_lines": 230, "excluded_lines": 0}, "missing_lines": [10, 11, 12, 13, 14, 16, 19, 20, 22, 23, 24, 25, 26, 27, 29, 30, 32, 34, 35, 37, 40, 43, 54, 61, 63, 84, 87, 88, 89, 90, 91, 92, 93, 94, 95, 96, 97, 99, 100, 109, 113, 114, 115, 116, 118, 121, 122, 123, 125, 126, 127, 128, 129, 130, 132, 134, 135, 140, 142, 144, 146, 147, 151, 153, 154, 157, 159, 160, 162, 164, 165, 166, 168, 169, 171, 172, 174, 175, 178, 180, 182, 184, 187, 190, 191, 193, 194, 195, 196, 197, 198, 200, 202, 203, 206, 207, 208, 210, 212, 214, 215, 216, 218, 219, 221, 222, 224, 225, 226, 228, 229, 231, 233, 235, 236, 237, 239, 241, 242, 244, 246, 248, 249, 250, 252, 253, 255, 257, 263, 266, 267, 268, 271, 272, 273, 276, 277, 278, 281, 282, 284, 287, 288, 289, 291, 300, 302, 303, 305, 314, 317, 318, 321, 322, 323, 325, 334, 336, 339, 340, 341, 342, 343, 344, 345, 346, 356, 358, 359, 360, 363, 364, 365, 366, 367, 368, 369, 370, 373, 375, 376, 377, 378, 380, 381, 382, 385, 386, 387, 388, 392, 393, 394, 397, 398, 399, 401, 410, 412, 442, 445, 447, 448, 451, 452, 453, 456, 458, 459, 462, 463, 464, 468, 470, 472, 475, 481, 482, 483, 484, 485, 486, 487, 488, 489, 490, 491, 492, 493, 494], "excluded_lines": [], "functions": {"ExternalPath.external_dir": {"executed_lines": [], "summary": {"covered_lines": 0, "num_statements": 1, "percent_covered": 0.0, "percent_covered_display": "0", "missing_lines": 1, "excluded_lines": 0}, "missing_lines": [32], "excluded_lines": []}, "ExternalPath.task_dir": {"executed_lines": [], "summary": {"covered_lines": 0, "num_statements": 1, "percent_covered": 0.0, "percent_covered_display": "0", "missing_lines": 1, "excluded_lines": 0}, "missing_lines": [37], "excluded_lines": []}, "ExternalPathParser.__init__": {"executed_lines": [], "summary": {"covered_lines": 0, "num_statements": 1, "percent_covered": 0.0, "percent_covered_display": "0", "missing_lines": 1, "excluded_lines": 0}, "missing_lines": [61], "excluded_lines": []}, "ExternalPathParser.parse": {"executed_lines": [], "summary": {"covered_lines": 0, "num_statements": 29, "percent_covered": 0.0, "percent_covered_display": "0", "missing_lines": 29, "excluded_lines": 0}, "missing_lines": [84, 87, 88, 89, 90, 91, 92, 93, 94, 95, 96, 97, 99, 100, 109, 113, 114, 115, 116, 118, 121, 122, 123, 125, 126, 127, 128, 129, 130], "excluded_lines": []}, "ExternalPathParser._is_independent_visualization_path": {"executed_lines": [], "summary": {"covered_lines": 0, "num_statements": 2, "percent_covered": 0.0, "percent_covered_display": "0", "missing_lines": 2, "excluded_lines": 0}, "missing_lines": [134, 135], "excluded_lines": []}, "ExternalPathParser._is_absolute_path": {"executed_lines": [], "summary": {"covered_lines": 0, "num_statements": 1, "percent_covered": 0.0, "percent_covered_display": "0", "missing_lines": 1, "excluded_lines": 0}, "missing_lines": [142], "excluded_lines": []}, "ExternalPathParser._is_full_training_path": {"executed_lines": [], "summary": {"covered_lines": 0, "num_statements": 2, "percent_covered": 0.0, "percent_covered_display": "0", "missing_lines": 2, "excluded_lines": 0}, "missing_lines": [146, 147], "excluded_lines": []}, "ExternalPathParser._is_relative_training_path": {"executed_lines": [], "summary": {"covered_lines": 0, "num_statements": 2, "percent_covered": 0.0, "percent_covered_display": "0", "missing_lines": 2, "excluded_lines": 0}, "missing_lines": [153, 154], "excluded_lines": []}, "ExternalPathParser._is_simple_training_path": {"executed_lines": [], "summary": {"covered_lines": 0, "num_statements": 2, "percent_covered": 0.0, "percent_covered_display": "0", "missing_lines": 2, "excluded_lines": 0}, "missing_lines": [159, 160], "excluded_lines": []}, "ExternalPathParser._parse_independent_visualization_path": {"executed_lines": [], "summary": {"covered_lines": 0, "num_statements": 11, "percent_covered": 0.0, "percent_covered_display": "0", "missing_lines": 11, "excluded_lines": 0}, "missing_lines": [164, 165, 166, 168, 169, 171, 172, 174, 175, 178, 180], "excluded_lines": []}, "ExternalPathParser._parse_absolute_path": {"executed_lines": [], "summary": {"covered_lines": 0, "num_statements": 17, "percent_covered": 0.0, "percent_covered_display": "0", "missing_lines": 17, "excluded_lines": 0}, "missing_lines": [184, 187, 190, 191, 193, 194, 195, 196, 197, 198, 200, 202, 203, 206, 207, 208, 210], "excluded_lines": []}, "ExternalPathParser._parse_full_training_path": {"executed_lines": [], "summary": {"covered_lines": 0, "num_statements": 13, "percent_covered": 0.0, "percent_covered_display": "0", "missing_lines": 13, "excluded_lines": 0}, "missing_lines": [214, 215, 216, 218, 219, 221, 222, 224, 225, 226, 228, 229, 231], "excluded_lines": []}, "ExternalPathParser._parse_relative_training_path": {"executed_lines": [], "summary": {"covered_lines": 0, "num_statements": 7, "percent_covered": 0.0, "percent_covered_display": "0", "missing_lines": 7, "excluded_lines": 0}, "missing_lines": [235, 236, 237, 239, 241, 242, 244], "excluded_lines": []}, "ExternalPathParser._parse_simple_training_path": {"executed_lines": [], "summary": {"covered_lines": 0, "num_statements": 6, "percent_covered": 0.0, "percent_covered_display": "0", "missing_lines": 6, "excluded_lines": 0}, "missing_lines": [248, 249, 250, 252, 253, 255], "excluded_lines": []}, "ExternalPathParser._detect_task_type": {"executed_lines": [], "summary": {"covered_lines": 0, "num_statements": 12, "percent_covered": 0.0, "percent_covered_display": "0", "missing_lines": 12, "excluded_lines": 0}, "missing_lines": [263, 266, 267, 268, 271, 272, 273, 276, 277, 278, 281, 282], "excluded_lines": []}, "ExternalPathParser._build_independent_path_object": {"executed_lines": [], "summary": {"covered_lines": 0, "num_statements": 4, "percent_covered": 0.0, "percent_covered_display": "0", "missing_lines": 4, "excluded_lines": 0}, "missing_lines": [287, 288, 289, 291], "excluded_lines": []}, "ExternalPathParser._build_absolute_path_object": {"executed_lines": [], "summary": {"covered_lines": 0, "num_statements": 3, "percent_covered": 0.0, "percent_covered_display": "0", "missing_lines": 3, "excluded_lines": 0}, "missing_lines": [302, 303, 305], "excluded_lines": []}, "ExternalPathParser._build_training_path_object": {"executed_lines": [], "summary": {"covered_lines": 0, "num_statements": 6, "percent_covered": 0.0, "percent_covered_display": "0", "missing_lines": 6, "excluded_lines": 0}, "missing_lines": [317, 318, 321, 322, 323, 325], "excluded_lines": []}, "ExternalPathParser._parse_universal_path": {"executed_lines": [], "summary": {"covered_lines": 0, "num_statements": 40, "percent_covered": 0.0, "percent_covered_display": "0", "missing_lines": 40, "excluded_lines": 0}, "missing_lines": [336, 339, 340, 341, 342, 343, 344, 345, 346, 356, 358, 359, 360, 363, 364, 365, 366, 367, 368, 369, 370, 373, 375, 376, 377, 378, 380, 381, 382, 385, 386, 387, 388, 392, 393, 394, 397, 398, 399, 401], "excluded_lines": []}, "ExternalPathParser._show_path_format_help": {"executed_lines": [], "summary": {"covered_lines": 0, "num_statements": 2, "percent_covered": 0.0, "percent_covered_display": "0", "missing_lines": 2, "excluded_lines": 0}, "missing_lines": [412, 442], "excluded_lines": []}, "validate_project_name": {"executed_lines": [], "summary": {"covered_lines": 0, "num_statements": 5, "percent_covered": 0.0, "percent_covered_display": "0", "missing_lines": 5, "excluded_lines": 0}, "missing_lines": [447, 448, 451, 452, 453], "excluded_lines": []}, "validate_task_name": {"executed_lines": [], "summary": {"covered_lines": 0, "num_statements": 5, "percent_covered": 0.0, "percent_covered_display": "0", "missing_lines": 5, "excluded_lines": 0}, "missing_lines": [458, 459, 462, 463, 464], "excluded_lines": []}, "": {"executed_lines": [], "summary": {"covered_lines": 0, "num_statements": 58, "percent_covered": 0.0, "percent_covered_display": "0", "missing_lines": 58, "excluded_lines": 0}, "missing_lines": [10, 11, 12, 13, 14, 16, 19, 20, 22, 23, 24, 25, 26, 27, 29, 30, 34, 35, 40, 43, 54, 63, 132, 140, 144, 151, 157, 162, 182, 212, 233, 246, 257, 284, 300, 314, 334, 410, 445, 456, 468, 470, 472, 475, 481, 482, 483, 484, 485, 486, 487, 488, 489, 490, 491, 492, 493, 494], "excluded_lines": []}}, "classes": {"ExternalPath": {"executed_lines": [], "summary": {"covered_lines": 0, "num_statements": 2, "percent_covered": 0.0, "percent_covered_display": "0", "missing_lines": 2, "excluded_lines": 0}, "missing_lines": [32, 37], "excluded_lines": []}, "ExternalPathParser": {"executed_lines": [], "summary": {"covered_lines": 0, "num_statements": 160, "percent_covered": 0.0, "percent_covered_display": "0", "missing_lines": 160, "excluded_lines": 0}, "missing_lines": [61, 84, 87, 88, 89, 90, 91, 92, 93, 94, 95, 96, 97, 99, 100, 109, 113, 114, 115, 116, 118, 121, 122, 123, 125, 126, 127, 128, 129, 130, 134, 135, 142, 146, 147, 153, 154, 159, 160, 164, 165, 166, 168, 169, 171, 172, 174, 175, 178, 180, 184, 187, 190, 191, 193, 194, 195, 196, 197, 198, 200, 202, 203, 206, 207, 208, 210, 214, 215, 216, 218, 219, 221, 222, 224, 225, 226, 228, 229, 231, 235, 236, 237, 239, 241, 242, 244, 248, 249, 250, 252, 253, 255, 263, 266, 267, 268, 271, 272, 273, 276, 277, 278, 281, 282, 287, 288, 289, 291, 302, 303, 305, 317, 318, 321, 322, 323, 325, 336, 339, 340, 341, 342, 343, 344, 345, 346, 356, 358, 359, 360, 363, 364, 365, 366, 367, 368, 369, 370, 373, 375, 376, 377, 378, 380, 381, 382, 385, 386, 387, 388, 392, 393, 394, 397, 398, 399, 401, 412, 442], "excluded_lines": []}, "": {"executed_lines": [], "summary": {"covered_lines": 0, "num_statements": 68, "percent_covered": 0.0, "percent_covered_display": "0", "missing_lines": 68, "excluded_lines": 0}, "missing_lines": [10, 11, 12, 13, 14, 16, 19, 20, 22, 23, 24, 25, 26, 27, 29, 30, 34, 35, 40, 43, 54, 63, 132, 140, 144, 151, 157, 162, 182, 212, 233, 246, 257, 284, 300, 314, 334, 410, 445, 447, 448, 451, 452, 453, 456, 458, 459, 462, 463, 464, 468, 470, 472, 475, 481, 482, 483, 484, 485, 486, 487, 488, 489, 490, 491, 492, 493, 494], "excluded_lines": []}}}, "src\\core\\freq_config_manager.py": {"executed_lines": [], "summary": {"covered_lines": 0, "num_statements": 31, "percent_covered": 0.0, "percent_covered_display": "0", "missing_lines": 31, "excluded_lines": 0}, "missing_lines": [10, 11, 14, 17, 18, 20, 32, 33, 35, 37, 40, 42, 52, 53, 56, 58, 59, 60, 62, 63, 65, 66, 67, 68, 70, 72, 81, 82, 83, 84, 88], "excluded_lines": [], "functions": {"FreqConfigManager.__init__": {"executed_lines": [], "summary": {"covered_lines": 0, "num_statements": 1, "percent_covered": 0.0, "percent_covered_display": "0", "missing_lines": 1, "excluded_lines": 0}, "missing_lines": [18], "excluded_lines": []}, "FreqConfigManager.get_freq_indices": {"executed_lines": [], "summary": {"covered_lines": 0, "num_statements": 5, "percent_covered": 0.0, "percent_covered_display": "0", "missing_lines": 5, "excluded_lines": 0}, "missing_lines": [32, 33, 35, 37, 40], "excluded_lines": []}, "FreqConfigManager._calculate_from_hz_range": {"executed_lines": [], "summary": {"covered_lines": 0, "num_statements": 13, "percent_covered": 0.0, "percent_covered_display": "0", "missing_lines": 13, "excluded_lines": 0}, "missing_lines": [52, 53, 56, 58, 59, 60, 62, 63, 65, 66, 67, 68, 70], "excluded_lines": []}, "FreqConfigManager._get_legacy_range": {"executed_lines": [], "summary": {"covered_lines": 0, "num_statements": 4, "percent_covered": 0.0, "percent_covered_display": "0", "missing_lines": 4, "excluded_lines": 0}, "missing_lines": [81, 82, 83, 84], "excluded_lines": []}, "": {"executed_lines": [], "summary": {"covered_lines": 0, "num_statements": 8, "percent_covered": 0.0, "percent_covered_display": "0", "missing_lines": 8, "excluded_lines": 0}, "missing_lines": [10, 11, 14, 17, 20, 42, 72, 88], "excluded_lines": []}}, "classes": {"FreqConfigManager": {"executed_lines": [], "summary": {"covered_lines": 0, "num_statements": 23, "percent_covered": 0.0, "percent_covered_display": "0", "missing_lines": 23, "excluded_lines": 0}, "missing_lines": [18, 32, 33, 35, 37, 40, 52, 53, 56, 58, 59, 60, 62, 63, 65, 66, 67, 68, 70, 81, 82, 83, 84], "excluded_lines": []}, "": {"executed_lines": [], "summary": {"covered_lines": 0, "num_statements": 8, "percent_covered": 0.0, "percent_covered_display": "0", "missing_lines": 8, "excluded_lines": 0}, "missing_lines": [10, 11, 14, 17, 20, 42, 72, 88], "excluded_lines": []}}}, "src\\core\\loss_functions.py": {"executed_lines": [1, 4, 34, 52, 122], "summary": {"covered_lines": 5, "num_statements": 70, "percent_covered": 7.142857142857143, "percent_covered_display": "7", "missing_lines": 65, "excluded_lines": 0}, "missing_lines": [6, 7, 10, 13, 14, 17, 18, 21, 25, 29, 31, 36, 37, 38, 40, 41, 43, 44, 47, 49, 69, 71, 72, 73, 74, 75, 76, 78, 80, 81, 82, 83, 84, 87, 88, 90, 91, 93, 97, 98, 101, 104, 106, 108, 109, 111, 112, 116, 117, 119, 125, 127, 130, 131, 132, 135, 145, 149, 151, 152, 157, 158, 161, 164, 166], "excluded_lines": [], "functions": {"log_division_loss": {"executed_lines": [], "summary": {"covered_lines": 0, "num_statements": 11, "percent_covered": 0.0, "percent_covered_display": "0", "missing_lines": 11, "excluded_lines": 0}, "missing_lines": [6, 7, 10, 13, 14, 17, 18, 21, 25, 29, 31], "excluded_lines": []}, "power_mae_loss": {"executed_lines": [], "summary": {"covered_lines": 0, "num_statements": 9, "percent_covered": 0.0, "percent_covered_display": "0", "missing_lines": 9, "excluded_lines": 0}, "missing_lines": [36, 37, 38, 40, 41, 43, 44, 47, 49], "excluded_lines": []}, "power_log_mae_loss": {"executed_lines": [], "summary": {"covered_lines": 0, "num_statements": 30, "percent_covered": 0.0, "percent_covered_display": "0", "missing_lines": 30, "excluded_lines": 0}, "missing_lines": [69, 71, 72, 73, 74, 75, 76, 78, 80, 81, 82, 83, 84, 87, 88, 90, 91, 93, 97, 98, 101, 104, 106, 108, 109, 111, 112, 116, 117, 119], "excluded_lines": []}, "power_log_loss": {"executed_lines": [], "summary": {"covered_lines": 0, "num_statements": 15, "percent_covered": 0.0, "percent_covered_display": "0", "missing_lines": 15, "excluded_lines": 0}, "missing_lines": [125, 127, 130, 131, 132, 135, 145, 149, 151, 152, 157, 158, 161, 164, 166], "excluded_lines": []}, "": {"executed_lines": [1, 4, 34, 52, 122], "summary": {"covered_lines": 5, "num_statements": 5, "percent_covered": 100.0, "percent_covered_display": "100", "missing_lines": 0, "excluded_lines": 0}, "missing_lines": [], "excluded_lines": []}}, "classes": {"": {"executed_lines": [1, 4, 34, 52, 122], "summary": {"covered_lines": 5, "num_statements": 70, "percent_covered": 7.142857142857143, "percent_covered_display": "7", "missing_lines": 65, "excluded_lines": 0}, "missing_lines": [6, 7, 10, 13, 14, 17, 18, 21, 25, 29, 31, 36, 37, 38, 40, 41, 43, 44, 47, 49, 69, 71, 72, 73, 74, 75, 76, 78, 80, 81, 82, 83, 84, 87, 88, 90, 91, 93, 97, 98, 101, 104, 106, 108, 109, 111, 112, 116, 117, 119, 125, 127, 130, 131, 132, 135, 145, 149, 151, 152, 157, 158, 161, 164, 166], "excluded_lines": []}}}, "src\\core\\metnl.py": {"executed_lines": [1, 2, 3, 4, 5, 6, 7, 8, 9, 10, 11, 12, 13, 14, 15, 16, 17, 18, 19, 20, 21, 22, 25, 28, 49, 52, 79, 99, 117, 145, 175, 220, 273, 280, 296, 344, 345, 354, 357, 364, 368, 387, 424, 440, 501, 535], "summary": {"covered_lines": 46, "num_statements": 243, "percent_covered": 18.930041152263374, "percent_covered_display": "19", "missing_lines": 197, "excluded_lines": 0}, "missing_lines": [30, 31, 32, 34, 35, 36, 37, 38, 39, 41, 43, 54, 55, 56, 57, 58, 59, 60, 61, 62, 63, 64, 65, 67, 68, 69, 70, 71, 72, 73, 75, 76, 93, 94, 95, 96, 103, 105, 107, 108, 111, 112, 114, 135, 136, 137, 139, 141, 142, 169, 170, 171, 172, 193, 194, 197, 200, 203, 204, 206, 209, 212, 213, 214, 215, 217, 240, 241, 242, 243, 246, 247, 248, 249, 250, 251, 252, 253, 254, 256, 258, 259, 262, 263, 264, 266, 267, 268, 270, 274, 275, 276, 277, 290, 291, 292, 293, 317, 318, 319, 320, 321, 322, 324, 325, 326, 328, 329, 330, 331, 332, 333, 335, 336, 337, 338, 340, 341, 346, 347, 348, 349, 350, 351, 352, 355, 358, 360, 361, 362, 365, 370, 371, 372, 373, 374, 375, 376, 377, 379, 380, 383, 405, 406, 407, 409, 413, 414, 415, 417, 418, 419, 420, 421, 436, 437, 459, 461, 462, 464, 465, 467, 469, 473, 475, 476, 478, 480, 481, 482, 484, 485, 486, 488, 489, 490, 491, 492, 493, 494, 495, 496, 498, 502, 507, 513, 516, 517, 518, 519, 521, 522, 523, 526, 529, 531, 536], "excluded_lines": [], "functions": {"initialize_device": {"executed_lines": [], "summary": {"covered_lines": 0, "num_statements": 11, "percent_covered": 0.0, "percent_covered_display": "0", "missing_lines": 11, "excluded_lines": 0}, "missing_lines": [30, 31, 32, 34, 35, 36, 37, 38, 39, 41, 43], "excluded_lines": []}, "set_using_gpu": {"executed_lines": [], "summary": {"covered_lines": 0, "num_statements": 21, "percent_covered": 0.0, "percent_covered_display": "0", "missing_lines": 21, "excluded_lines": 0}, "missing_lines": [54, 55, 56, 57, 58, 59, 60, 61, 62, 63, 64, 65, 67, 68, 69, 70, 71, 72, 73, 75, 76], "excluded_lines": []}, "load_data": {"executed_lines": [], "summary": {"covered_lines": 0, "num_statements": 4, "percent_covered": 0.0, "percent_covered_display": "0", "missing_lines": 4, "excluded_lines": 0}, "missing_lines": [93, 94, 95, 96], "excluded_lines": []}, "load_data_2channel": {"executed_lines": [], "summary": {"covered_lines": 0, "num_statements": 7, "percent_covered": 0.0, "percent_covered_display": "0", "missing_lines": 7, "excluded_lines": 0}, "missing_lines": [103, 105, 107, 108, 111, 112, 114], "excluded_lines": []}, "plot_data": {"executed_lines": [], "summary": {"covered_lines": 0, "num_statements": 6, "percent_covered": 0.0, "percent_covered_display": "0", "missing_lines": 6, "excluded_lines": 0}, "missing_lines": [135, 136, 137, 139, 141, 142], "excluded_lines": []}, "filter_data": {"executed_lines": [], "summary": {"covered_lines": 0, "num_statements": 4, "percent_covered": 0.0, "percent_covered_display": "0", "missing_lines": 4, "excluded_lines": 0}, "missing_lines": [169, 170, 171, 172], "excluded_lines": []}, "create_input_features": {"executed_lines": [], "summary": {"covered_lines": 0, "num_statements": 13, "percent_covered": 0.0, "percent_covered_display": "0", "missing_lines": 13, "excluded_lines": 0}, "missing_lines": [193, 194, 197, 200, 203, 204, 206, 209, 212, 213, 214, 215, 217], "excluded_lines": []}, "create_features": {"executed_lines": [], "summary": {"covered_lines": 0, "num_statements": 23, "percent_covered": 0.0, "percent_covered_display": "0", "missing_lines": 23, "excluded_lines": 0}, "missing_lines": [240, 241, 242, 243, 246, 247, 248, 249, 250, 251, 252, 253, 254, 256, 258, 259, 262, 263, 264, 266, 267, 268, 270], "excluded_lines": []}, "clean_cache": {"executed_lines": [], "summary": {"covered_lines": 0, "num_statements": 4, "percent_covered": 0.0, "percent_covered_display": "0", "missing_lines": 4, "excluded_lines": 0}, "missing_lines": [274, 275, 276, 277], "excluded_lines": []}, "print_data_characteristics": {"executed_lines": [], "summary": {"covered_lines": 0, "num_statements": 4, "percent_covered": 0.0, "percent_covered_display": "0", "missing_lines": 4, "excluded_lines": 0}, "missing_lines": [290, 291, 292, 293], "excluded_lines": []}, "create_or_load_model": {"executed_lines": [], "summary": {"covered_lines": 0, "num_statements": 21, "percent_covered": 0.0, "percent_covered_display": "0", "missing_lines": 21, "excluded_lines": 0}, "missing_lines": [317, 318, 319, 320, 321, 322, 324, 325, 326, 328, 329, 330, 331, 332, 333, 335, 336, 337, 338, 340, 341], "excluded_lines": []}, "DataGenerator.__init__": {"executed_lines": [], "summary": {"covered_lines": 0, "num_statements": 7, "percent_covered": 0.0, "percent_covered_display": "0", "missing_lines": 7, "excluded_lines": 0}, "missing_lines": [346, 347, 348, 349, 350, 351, 352], "excluded_lines": []}, "DataGenerator.__len__": {"executed_lines": [], "summary": {"covered_lines": 0, "num_statements": 1, "percent_covered": 0.0, "percent_covered_display": "0", "missing_lines": 1, "excluded_lines": 0}, "missing_lines": [355], "excluded_lines": []}, "DataGenerator.__getitem__": {"executed_lines": [], "summary": {"covered_lines": 0, "num_statements": 4, "percent_covered": 0.0, "percent_covered_display": "0", "missing_lines": 4, "excluded_lines": 0}, "missing_lines": [358, 360, 361, 362], "excluded_lines": []}, "DataGenerator.on_epoch_end": {"executed_lines": [], "summary": {"covered_lines": 0, "num_statements": 1, "percent_covered": 0.0, "percent_covered_display": "0", "missing_lines": 1, "excluded_lines": 0}, "missing_lines": [365], "excluded_lines": []}, "train_module": {"executed_lines": [], "summary": {"covered_lines": 0, "num_statements": 11, "percent_covered": 0.0, "percent_covered_display": "0", "missing_lines": 11, "excluded_lines": 0}, "missing_lines": [370, 371, 372, 373, 374, 375, 376, 377, 379, 380, 383], "excluded_lines": []}, "predict_and_plot": {"executed_lines": [], "summary": {"covered_lines": 0, "num_statements": 12, "percent_covered": 0.0, "percent_covered_display": "0", "missing_lines": 12, "excluded_lines": 0}, "missing_lines": [405, 406, 407, 409, 413, 414, 415, 417, 418, 419, 420, 421], "excluded_lines": []}, "generate_sine_wave": {"executed_lines": [], "summary": {"covered_lines": 0, "num_statements": 2, "percent_covered": 0.0, "percent_covered_display": "0", "missing_lines": 2, "excluded_lines": 0}, "missing_lines": [436, 437], "excluded_lines": []}, "frequency_response_test": {"executed_lines": [], "summary": {"covered_lines": 0, "num_statements": 27, "percent_covered": 0.0, "percent_covered_display": "0", "missing_lines": 27, "excluded_lines": 0}, "missing_lines": [459, 461, 462, 464, 465, 467, 469, 473, 475, 476, 478, 480, 481, 482, 484, 485, 486, 488, 489, 490, 491, 492, 493, 494, 495, 496, 498], "excluded_lines": []}, "main": {"executed_lines": [], "summary": {"covered_lines": 0, "num_statements": 13, "percent_covered": 0.0, "percent_covered_display": "0", "missing_lines": 13, "excluded_lines": 0}, "missing_lines": [502, 507, 513, 516, 517, 518, 519, 521, 522, 523, 526, 529, 531], "excluded_lines": []}, "": {"executed_lines": [1, 2, 3, 4, 5, 6, 7, 8, 9, 10, 11, 12, 13, 14, 15, 16, 17, 18, 19, 20, 21, 22, 25, 28, 49, 52, 79, 99, 117, 145, 175, 220, 273, 280, 296, 344, 345, 354, 357, 364, 368, 387, 424, 440, 501, 535], "summary": {"covered_lines": 46, "num_statements": 47, "percent_covered": 97.87234042553192, "percent_covered_display": "98", "missing_lines": 1, "excluded_lines": 0}, "missing_lines": [536], "excluded_lines": []}}, "classes": {"DataGenerator": {"executed_lines": [], "summary": {"covered_lines": 0, "num_statements": 13, "percent_covered": 0.0, "percent_covered_display": "0", "missing_lines": 13, "excluded_lines": 0}, "missing_lines": [346, 347, 348, 349, 350, 351, 352, 355, 358, 360, 361, 362, 365], "excluded_lines": []}, "": {"executed_lines": [1, 2, 3, 4, 5, 6, 7, 8, 9, 10, 11, 12, 13, 14, 15, 16, 17, 18, 19, 20, 21, 22, 25, 28, 49, 52, 79, 99, 117, 145, 175, 220, 273, 280, 296, 344, 345, 354, 357, 364, 368, 387, 424, 440, 501, 535], "summary": {"covered_lines": 46, "num_statements": 230, "percent_covered": 20.0, "percent_covered_display": "20", "missing_lines": 184, "excluded_lines": 0}, "missing_lines": [30, 31, 32, 34, 35, 36, 37, 38, 39, 41, 43, 54, 55, 56, 57, 58, 59, 60, 61, 62, 63, 64, 65, 67, 68, 69, 70, 71, 72, 73, 75, 76, 93, 94, 95, 96, 103, 105, 107, 108, 111, 112, 114, 135, 136, 137, 139, 141, 142, 169, 170, 171, 172, 193, 194, 197, 200, 203, 204, 206, 209, 212, 213, 214, 215, 217, 240, 241, 242, 243, 246, 247, 248, 249, 250, 251, 252, 253, 254, 256, 258, 259, 262, 263, 264, 266, 267, 268, 270, 274, 275, 276, 277, 290, 291, 292, 293, 317, 318, 319, 320, 321, 322, 324, 325, 326, 328, 329, 330, 331, 332, 333, 335, 336, 337, 338, 340, 341, 370, 371, 372, 373, 374, 375, 376, 377, 379, 380, 383, 405, 406, 407, 409, 413, 414, 415, 417, 418, 419, 420, 421, 436, 437, 459, 461, 462, 464, 465, 467, 469, 473, 475, 476, 478, 480, 481, 482, 484, 485, 486, 488, 489, 490, 491, 492, 493, 494, 495, 496, 498, 502, 507, 513, 516, 517, 518, 519, 521, 522, 523, 526, 529, 531, 536], "excluded_lines": []}}}, "src\\core\\model_engine.py": {"executed_lines": [1, 2, 3, 4, 5, 6, 7, 8, 9, 10, 11, 12, 13, 14, 15, 16, 17, 18, 19, 20, 21, 24, 25, 26, 29, 30, 56, 127, 233, 244, 330, 429, 443, 490, 493, 529, 546, 566, 590, 644, 687, 701, 779, 803, 871, 874], "summary": {"covered_lines": 46, "num_statements": 447, "percent_covered": 10.29082774049217, "percent_covered_display": "10", "missing_lines": 401, "excluded_lines": 0}, "missing_lines": [33, 34, 35, 36, 37, 38, 39, 40, 41, 42, 43, 44, 45, 46, 48, 50, 51, 52, 53, 54, 57, 59, 60, 61, 69, 70, 71, 76, 77, 85, 86, 88, 89, 90, 98, 99, 100, 105, 106, 115, 116, 117, 118, 120, 123, 129, 130, 135, 137, 138, 139, 142, 143, 146, 147, 150, 151, 155, 156, 157, 158, 159, 160, 163, 164, 167, 169, 171, 172, 173, 174, 175, 177, 178, 180, 181, 182, 183, 184, 185, 188, 191, 192, 193, 195, 198, 200, 203, 205, 207, 211, 212, 217, 221, 222, 223, 225, 226, 228, 229, 230, 231, 235, 236, 237, 239, 240, 242, 246, 248, 249, 252, 253, 254, 255, 256, 257, 258, 261, 262, 264, 265, 266, 267, 268, 271, 272, 273, 274, 276, 279, 280, 281, 282, 285, 286, 287, 288, 289, 292, 293, 294, 295, 298, 299, 300, 301, 304, 305, 307, 308, 309, 310, 311, 314, 315, 316, 317, 319, 322, 323, 324, 325, 327, 328, 332, 333, 334, 354, 355, 362, 363, 370, 371, 372, 380, 381, 387, 388, 398, 400, 401, 40
[...]
43, 544, 545, 546, 548, 550, 551, 552, 554, 555], "excluded_lines": []}, "": {"executed_lines": [1, 2, 3, 4, 5, 6, 7, 8, 9, 10, 11, 12, 13, 14, 15, 16, 19, 20, 44, 47, 199, 206, 210, 211, 238, 268, 275, 282, 315, 319, 323, 331, 502, 510], "summary": {"covered_lines": 34, "num_statements": 34, "percent_covered": 100.0, "percent_covered_display": "100", "missing_lines": 0, "excluded_lines": 0}, "missing_lines": [], "excluded_lines": []}}, "classes": {"RealTimeTrainingCallback": {"executed_lines": [], "summary": {"covered_lines": 0, "num_statements": 92, "percent_covered": 0.0, "percent_covered_display": "0", "missing_lines": 92, "excluded_lines": 0}, "missing_lines": [21, 22, 23, 24, 25, 26, 27, 28, 29, 30, 31, 32, 33, 34, 35, 36, 37, 40, 41, 42, 45, 51, 52, 53, 54, 55, 57, 58, 59, 62, 63, 65, 68, 70, 73, 77, 78, 79, 80, 82, 83, 85, 86, 87, 88, 90, 91, 92, 93, 94, 97, 105, 107, 116, 117, 118, 119, 120, 121, 122, 123, 124, 125, 127, 128, 129, 130, 136, 137, 139, 141, 145, 146, 147, 153, 155, 164, 167, 168, 169, 175, 177, 186, 190, 191, 192, 195, 197, 201, 202, 203, 207], "excluded_lines": []}, "CosineAnnealingWithDecayFixedPeriod": {"executed_lines": [], "summary": {"covered_lines": 0, "num_statements": 47, "percent_covered": 0.0, "percent_covered_display": "0", "missing_lines": 47, "excluded_lines": 0}, "missing_lines": [222, 223, 224, 225, 227, 229, 231, 233, 234, 235, 236, 239, 240, 241, 244, 247, 249, 252, 254, 257, 261, 264, 266, 270, 271, 272, 273, 277, 278, 279, 280, 284, 287, 288, 291, 293, 296, 297, 300, 301, 304, 313, 317, 321, 325, 327, 328], "excluded_lines": []}, "": {"executed_lines": [1, 2, 3, 4, 5, 6, 7, 8, 9, 10, 11, 12, 13, 14, 15, 16, 19, 20, 44, 47, 199, 206, 210, 211, 238, 268, 275, 282, 315, 319, 323, 331, 502, 510], "summary": {"covered_lines": 34, "num_statements": 165, "percent_covered": 20.606060606060606, "percent_covered_display": "21", "missing_lines": 131, "excluded_lines": 0}, "missing_lines": [332, 333, 334, 335, 338, 339, 340, 341, 342, 343, 346, 348, 350, 351, 352, 354, 355, 357, 358, 361, 363, 367, 375, 376, 377, 378, 381, 382, 385, 386, 387, 390, 391, 392, 395, 399, 402, 405, 408, 409, 410, 415, 417, 418, 419, 420, 421, 424, 425, 426, 427, 428, 431, 432, 433, 434, 435, 436, 437, 438, 440, 441, 442, 443, 444, 445, 448, 449, 450, 453, 454, 455, 457, 458, 459, 460, 463, 466, 468, 469, 471, 473, 475, 476, 477, 478, 480, 484, 485, 486, 488, 489, 491, 492, 493, 494, 495, 496, 497, 504, 505, 511, 512, 513, 516, 518, 519, 523, 526, 527, 528, 531, 532, 533, 535, 536, 537, 538, 539, 540, 541, 543, 544, 545, 546, 548, 550, 551, 552, 554, 555], "excluded_lines": []}}}, "src\\core\\training_log.py": {"executed_lines": [1, 2, 3, 4, 5, 6, 9, 11, 13, 22, 35, 65, 91, 146, 151, 241], "summary": {"covered_lines": 16, "num_statements": 151, "percent_covered": 10.596026490066226, "percent_covered_display": "11", "missing_lines": 135, "excluded_lines": 0}, "missing_lines": [14, 15, 16, 17, 19, 20, 25, 26, 27, 28, 30, 32, 33, 37, 38, 39, 41, 42, 44, 45, 46, 47, 48, 49, 50, 52, 53, 54, 56, 57, 59, 60, 61, 63, 66, 68, 69, 70, 71, 74, 75, 77, 78, 79, 82, 83, 85, 86, 87, 88, 89, 102, 104, 105, 106, 108, 109, 110, 111, 114, 115, 116, 117, 118, 120, 121, 124, 125, 126, 127, 130, 131, 132, 133, 134, 135, 136, 138, 139, 140, 143, 144, 147, 148, 149, 157, 158, 160, 164, 168, 169, 170, 171, 172, 173, 174, 175, 176, 178, 179, 180, 181, 182, 183, 184, 185, 186, 189, 190, 191, 194, 195, 196, 197, 198, 201, 204, 206, 208, 210, 214, 215, 216, 217, 220, 236, 237, 239, 248, 249, 250, 251, 252, 254, 256], "excluded_lines": [], "functions": {"TrainingLogger.__init__": {"executed_lines": [], "summary": {"covered_lines": 0, "num_statements": 6, "percent_covered": 0.0, "percent_covered_display": "0", "missing_lines": 6, "excluded_lines": 0}, "missing_lines": [14, 15, 16, 17, 19, 20], "excluded_lines": []}, "TrainingLogger._append_to_file": {"executed_lines": [], "summary": {"covered_lines": 0, "num_statements": 7, "percent_covered": 0.0, "percent_covered_display": "0", "missing_lines": 7, "excluded_lines": 0}, "missing_lines": [25, 26, 27, 28, 30, 32, 33], "excluded_lines": []}, "TrainingLogger.load": {"executed_lines": [], "summary": {"covered_lines": 0, "num_statements": 21, "percent_covered": 0.0, "percent_covered_display": "0", "missing_lines": 21, "excluded_lines": 0}, "missing_lines": [37, 38, 39, 41, 42, 44, 45, 46, 47, 48, 49, 50, 52, 53, 54, 56, 57, 59, 60, 61, 63], "excluded_lines": []}, "TrainingLogger.append_data": {"executed_lines": [], "summary": {"covered_lines": 0, "num_statements": 17, "percent_covered": 0.0, "percent_covered_display": "0", "missing_lines": 17, "excluded_lines": 0}, "missing_lines": [66, 68, 69, 70, 71, 74, 75, 77, 78, 79, 82, 83, 85, 86, 87, 88, 89], "excluded_lines": []}, "TrainingLogger.fetch_log": {"executed_lines": [], "summary": {"covered_lines": 0, "num_statements": 31, "percent_covered": 0.0, "percent_covered_display": "0", "missing_lines": 31, "excluded_lines": 0}, "missing_lines": [102, 104, 105, 106, 108, 109, 110, 111, 114, 115, 116, 117, 118, 120, 121, 124, 125, 126, 127, 130, 131, 132, 133, 134, 135, 136, 138, 139, 140, 143, 144], "excluded_lines": []}, "TrainingLogger.clean_log": {"executed_lines": [], "summary": {"covered_lines": 0, "num_statements": 3, "percent_covered": 0.0, "percent_covered_display": "0", "missing_lines": 3, "excluded_lines": 0}, "missing_lines": [147, 148, 149], "excluded_lines": []}, "TrainingLogger.evaluate_training_info": {"executed_lines": [], "summary": {"covered_lines": 0, "num_statements": 43, "percent_covered": 0.0, "percent_covered_display": "0", "missing_lines": 43, "excluded_lines": 0}, "missing_lines": [157, 158, 160, 164, 168, 169, 170, 171, 172, 173, 174, 175, 176, 178, 179, 180, 181, 182, 183, 184, 185, 186, 189, 190, 191, 194, 195, 196, 197, 198, 201, 204, 206, 208, 210, 214, 215, 216, 217, 220, 236, 237, 239], "excluded_lines": []}, "TrainingLogger.get_min_value_and_params": {"executed_lines": [], "summary": {"covered_lines": 0, "num_statements": 7, "percent_covered": 0.0, "percent_covered_display": "0", "missing_lines": 7, "excluded_lines": 0}, "missing_lines": [248, 249, 250, 251, 252, 254, 256], "excluded_lines": []}, "": {"executed_lines": [1, 2, 3, 4, 5, 6, 9, 11, 13, 22, 35, 65, 91, 146, 151, 241], "summary": {"covered_lines": 16, "num_statements": 16, "percent_covered": 100.0, "percent_covered_display": "100", "missing_lines": 0, "excluded_lines": 0}, "missing_lines": [], "excluded_lines": []}}, "classes": {"TrainingLogger": {"executed_lines": [], "summary": {"covered_lines": 0, "num_statements": 135, "percent_covered": 0.0, "percent_covered_display": "0", "missing_lines": 135, "excluded_lines": 0}, "missing_lines": [14, 15, 16, 17, 19, 20, 25, 26, 27, 28, 30, 32, 33, 37, 38, 39, 41, 42, 44, 45, 46, 47, 48, 49, 50, 52, 53, 54, 56, 57, 59, 60, 61, 63, 66, 68, 69, 70, 71, 74, 75, 77, 78, 79, 82, 83, 85, 86, 87, 88, 89, 102, 104, 105, 106, 108, 109, 110, 111, 114, 115, 116, 117, 118, 120, 121, 124, 125, 126, 127, 130, 131, 132, 133, 134, 135, 136, 138, 139, 140, 143, 144, 147, 148, 149, 157, 158, 160, 164, 168, 169, 170, 171, 172, 173, 174, 175, 176, 178, 179, 180, 181, 182, 183, 184, 185, 186, 189, 190, 191, 194, 195, 196, 197, 198, 201, 204, 206, 208, 210, 214, 215, 216, 217, 220, 236, 237, 239, 248, 249, 250, 251, 252, 254, 256], "excluded_lines": []}, "": {"executed_lines": [1, 2, 3, 4, 5, 6, 9, 11, 13, 22, 35, 65, 91, 146, 151, 241], "summary": {"covered_lines": 16, "num_statements": 16, "percent_covered": 100.0, "percent_covered_display": "100", "missing_lines": 0, "excluded_lines": 0}, "missing_lines": [], "excluded_lines": []}}}, "src\\core\\training_state.py": {"executed_lines": [1, 2, 3, 4, 5, 8, 9, 11, 20, 39, 50, 63, 71, 76, 80, 84, 88, 93, 99], "summary": {"covered_lines": 18, "num_statements": 58, "percent_covered": 31.03448275862069, "percent_covered_display": "31", "missing_lines": 40, "excluded_lines": 0}, "missing_lines": [12, 13, 14, 15, 18, 22, 23, 26, 37, 41, 42, 43, 44, 45, 46, 47, 48, 53, 55, 56, 57, 58, 59, 60, 61, 65, 66, 67, 68, 69, 73, 74, 78, 82, 86, 90, 91, 95, 96, 100], "excluded_lines": [], "functions": {"TrainingStateManager.__init__": {"executed_lines": [], "summary": {"covered_lines": 0, "num_statements": 5, "percent_covered": 0.0, "percent_covered_display": "0", "missing_lines": 5, "excluded_lines": 0}, "missing_lines": [12, 13, 14, 15, 18], "excluded_lines": []}, "TrainingStateManager.initialize_state": {"executed_lines": [], "summary": {"covered_lines": 0, "num_statements": 4, "percent_covered": 0.0, "percent_covered_display": "0", "missing_lines": 4, "excluded_lines": 0}, "missing_lines": [22, 23, 26, 37], "excluded_lines": []}, "TrainingStateManager.load_state": {"executed_lines": [], "summary": {"covered_lines": 0, "num_statements": 8, "percent_covered": 0.0, "percent_covered_display": "0", "missing_lines": 8, "excluded_lines": 0}, "missing_lines": [41, 42, 43, 44, 45, 46, 47, 48], "excluded_lines": []}, "TrainingStateManager.save_state": {"executed_lines": [], "summary": {"covered_lines": 0, "num_statements": 8, "percent_covered": 0.0, "percent_covered_display": "0", "missing_lines": 8, "excluded_lines": 0}, "missing_lines": [53, 55, 56, 57, 58, 59, 60, 61], "excluded_lines": []}, "TrainingStateManager.update_state": {"executed_lines": [], "summary": {"covered_lines": 0, "num_statements": 5, "percent_covered": 0.0, "percent_covered_display": "0", "missing_lines": 5, "excluded_lines": 0}, "missing_lines": [65, 66, 67, 68, 69], "excluded_lines": []}, "TrainingStateManager.get_state": {"executed_lines": [], "summary": {"covered_lines": 0, "num_statements": 2, "percent_covered": 0.0, "percent_covered_display": "0", "missing_lines": 2, "excluded_lines": 0}, "missing_lines": [73, 74], "excluded_lines": []}, "TrainingStateManager.__getitem__": {"executed_lines": [], "summary": {"covered_lines": 0, "num_statements": 1, "percent_covered": 0.0, "percent_covered_display": "0", "missing_lines": 1, "excluded_lines": 0}, "missing_lines": [78], "excluded_lines": []}, "TrainingStateManager.__setitem__": {"executed_lines": [], "summary": {"covered_lines": 0, "num_statements": 1, "percent_covered": 0.0, "percent_covered_display": "0", "missing_lines": 1, "excluded_lines": 0}, "missing_lines": [82], "excluded_lines": []}, "TrainingStateManager.__contains__": {"executed_lines": [], "summary": {"covered_lines": 0, "num_statements": 1, "percent_covered": 0.0, "percent_covered_display": "0", "missing_lines": 1, "excluded_lines": 0}, "missing_lines": [86], "excluded_lines": []}, "TrainingStateManager.keys": {"executed_lines": [], "summary": {"covered_lines": 0, "num_statements": 2, "percent_covered": 0.0, "percent_covered_display": "0", "missing_lines": 2, "excluded_lines": 0}, "missing_lines": [90, 91], "excluded_lines": []}, "TrainingStateManager.items": {"executed_lines": [], "summary": {"covered_lines": 0, "num_statements": 2, "percent_covered": 0.0, "percent_covered_display": "0", "missing_lines": 2, "excluded_lines": 0}, "missing_lines": [95, 96], "excluded_lines": []}, "TrainingStateManager.get": {"executed_lines": [], "summary": {"covered_lines": 0, "num_statements": 1, "percent_covered": 0.0, "percent_covered_display": "0", "missing_lines": 1, "excluded_lines": 0}, "missing_lines": [100], "excluded_lines": []}, "": {"executed_lines": [1, 2, 3, 4, 5, 8, 9, 11, 20, 39, 50, 63, 71, 76, 80, 84, 88, 93, 99], "summary": {"covered_lines": 18, "num_statements": 18, "percent_covered": 100.0, "percent_covered_display": "100", "missing_lines": 0, "excluded_lines": 0}, "missing_lines": [], "excluded_lines": []}}, "classes": {"TrainingStateManager": {"executed_lines": [], "summary": {"covered_lines": 0, "num_statements": 40, "percent_covered": 0.0, "percent_covered_display": "0", "missing_lines": 40, "excluded_lines": 0}, "missing_lines": [12, 13, 14, 15, 18, 22, 23, 26, 37, 41, 42, 43, 44, 45, 46, 47, 48, 53, 55, 56, 57, 58, 59, 60, 61, 65, 66, 67, 68, 69, 73, 74, 78, 82, 86, 90, 91, 95, 96, 100], "excluded_lines": []}, "": {"executed_lines": [1, 2, 3, 4, 5, 8, 9, 11, 20, 39, 50, 63, 71, 76, 80, 84, 88, 93, 99], "summary": {"covered_lines": 18, "num_statements": 18, "percent_covered": 100.0, "percent_covered_display": "100", "missing_lines": 0, "excluded_lines": 0}, "missing_lines": [], "excluded_lines": []}}}, "src\\core\\wave_generator.py": {"executed_lines": [1, 2, 3, 4, 7, 8, 14, 21, 22, 23, 25, 45, 47, 50, 53, 56, 58, 60, 61, 62, 64, 75, 76, 82, 83, 85, 86, 87, 92, 95, 98, 99, 101, 103, 113, 119, 122, 125, 127, 143, 151, 168, 170, 172, 173, 175, 176, 177, 178, 180, 182, 184, 185, 186, 187, 190, 191], "summary": {"covered_lines": 56, "num_statements": 56, "percent_covered": 100.0, "percent_covered_display": "100", "missing_lines": 0, "excluded_lines": 0}, "missing_lines": [], "excluded_lines": [], "functions": {"DatasetWaveGenerator.__init__": {"executed_lines": [21, 22, 23], "summary": {"covered_lines": 3, "num_statements": 3, "percent_covered": 100.0, "percent_covered_display": "100", "missing_lines": 0, "excluded_lines": 0}, "missing_lines": [], "excluded_lines": []}, "DatasetWaveGenerator.generate_wave_data": {"executed_lines": [45, 47, 50, 53, 56, 58, 60, 61, 62], "summary": {"covered_lines": 9, "num_statements": 9, "percent_covered": 100.0, "percent_covered_display": "100", "missing_lines": 0, "excluded_lines": 0}, "missing_lines": [], "excluded_lines": []}, "DatasetWaveGenerator._prepare_output_folder": {"executed_lines": [75, 76, 82, 83, 85, 86, 87, 92, 95, 98, 99, 101], "summary": {"covered_lines": 12, "num_statements": 12, "percent_covered": 100.0, "percent_covered_display": "100", "missing_lines": 0, "excluded_lines": 0}, "missing_lines": [], "excluded_lines": []}, "DatasetWaveGenerator._load_dataset": {"executed_lines": [113, 119, 122, 125], "summary": {"covered_lines": 4, "num_statements": 4, "percent_covered": 100.0, "percent_covered_display": "100", "missing_lines": 0, "excluded_lines": 0}, "missing_lines": [], "excluded_lines": []}, "DatasetWaveGenerator._generate_wave_files": {"executed_lines": [143, 151, 168], "summary": {"covered_lines": 3, "num_statements": 3, "percent_covered": 100.0, "percent_covered_display": "100", "missing_lines": 0, "excluded_lines": 0}, "missing_lines": [], "excluded_lines": []}, "DatasetWaveGenerator._find_existing_wave_files": {"executed_lines": [172, 173, 175, 176, 177, 178, 180], "summary": {"covered_lines": 7, "num_statements": 7, "percent_covered": 100.0, "percent_covered_display": "100", "missing_lines": 0, "excluded_lines": 0}, "missing_lines": [], "excluded_lines": []}, "DatasetWaveGenerator._log_generation_result": {"executed_lines": [184, 185, 186, 187, 190, 191], "summary": {"covered_lines": 6, "num_statements": 6, "percent_covered": 100.0, "percent_covered_display": "100", "missing_lines": 0, "excluded_lines": 0}, "missing_lines": [], "excluded_lines": []}, "": {"executed_lines": [1, 2, 3, 4, 7, 8, 14, 25, 64, 103, 127, 170, 182], "summary": {"covered_lines": 12, "num_statements": 12, "percent_covered": 100.0, "percent_covered_display": "100", "missing_lines": 0, "excluded_lines": 0}, "missing_lines": [], "excluded_lines": []}}, "classes": {"DatasetWaveGenerator": {"executed_lines": [21, 22, 23, 45, 47, 50, 53, 56, 58, 60, 61, 62, 75, 76, 82, 83, 85, 86, 87, 92, 95, 98, 99, 101, 113, 119, 122, 125, 143, 151, 168, 172, 173, 175, 176, 177, 178, 180, 184, 185, 186, 187, 190, 191], "summary": {"covered_lines": 44, "num_statements": 44, "percent_covered": 100.0, "percent_covered_display": "100", "missing_lines": 0, "excluded_lines": 0}, "missing_lines": [], "excluded_lines": []}, "": {"executed_lines": [1, 2, 3, 4, 7, 8, 14, 25, 64, 103, 127, 170, 182], "summary": {"covered_lines": 12, "num_statements": 12, "percent_covered": 100.0, "percent_covered_display": "100", "missing_lines": 0, "excluded_lines": 0}, "missing_lines": [], "excluded_lines": []}}}, "src\\core\\waveform_visualizer.py": {"executed_lines": [], "summary": {"covered_lines": 0, "num_statements": 107, "percent_covered": 0.0, "percent_covered_display": "0", "missing_lines": 107, "excluded_lines": 0}, "missing_lines": [8, 9, 10, 11, 12, 13, 14, 15, 16, 17, 19, 22, 24, 25, 26, 27, 29, 30, 31, 32, 33, 34, 35, 38, 39, 42, 43, 46, 47, 50, 53, 58, 59, 60, 62, 63, 66, 67, 68, 71, 72, 74, 76, 78, 79, 80, 81, 82, 83, 85, 88, 89, 90, 95, 97, 98, 100, 102, 104, 106, 117, 119, 121, 124, 127, 128, 129, 130, 133, 134, 135, 138, 146, 148, 151, 152, 154, 155, 158, 160, 166, 167, 170, 171, 172, 173, 174, 175, 176, 179, 180, 181, 182, 183, 184, 187, 188, 189, 190, 191, 193, 195, 202, 205, 207, 209, 210], "excluded_lines": [], "functions": {"_plot_waveform_process": {"executed_lines": [], "summary": {"covered_lines": 0, "num_statements": 37, "percent_covered": 0.0, "percent_covered_display": "0", "missing_lines": 37, "excluded_lines": 0}, "missing_lines": [24, 25, 26, 27, 29, 30, 31, 32, 33, 34, 35, 38, 39, 42, 43, 46, 47, 50, 53, 58, 59, 60, 62, 63, 66, 67, 68, 71, 72, 74, 76, 78, 79, 80, 81, 82, 83], "excluded_lines": []}, "WaveformVisualizer.__init__": {"executed_lines": [], "summary": {"covered_lines": 0, "num_statements": 8, "percent_covered": 0.0, "percent_covered_display": "0", "missing_lines": 8, "excluded_lines": 0}, "missing_lines": [89, 90, 95, 97, 98, 100, 102, 104], "excluded_lines": []}, "WaveformVisualizer.visualize_dataset": {"executed_lines": [], "summary": {"covered_lines": 0, "num_statements": 1, "percent_covered": 0.0, "percent_covered_display": "0", "missing_lines": 1, "excluded_lines": 0}, "missing_lines": [117], "excluded_lines": []}, "WaveformVisualizer._visualize_dataset_async": {"executed_lines": [], "summary": {"covered_lines": 0, "num_statements": 40, "percent_covered": 0.0, "percent_covered_display": "0", "missing_lines": 40, "excluded_lines": 0}, "missing_lines": [121, 124, 127, 128, 129, 130, 133, 134, 135, 138, 146, 148, 151, 152, 154, 155, 158, 160, 166, 167, 170, 171, 172, 173, 174, 175, 176, 179, 180, 181, 182, 183, 184, 187, 188, 189, 190, 191, 193, 195], "excluded_lines": []}, "WaveformVisualizer._load_dataset": {"executed_lines": [], "summary": {"covered_lines": 0, "num_statements": 1, "percent_covered": 0.0, "percent_covered_display": "0", "missing_lines": 1, "excluded_lines": 0}, "missing_lines": [205], "excluded_lines": []}, "WaveformVisualizer._get_output_path": {"executed_lines": [], "summary": {"covered_lines": 0, "num_statements": 2, "percent_covered": 0.0, "percent_covered_display": "0", "missing_lines": 2, "excluded_lines": 0}, "missing_lines": [209, 210], "excluded_lines": []}, "": {"executed_lines": [], "summary": {"covered_lines": 0, "num_statements": 18, "percent_covered": 0.0, "percent_covered_display": "0", "missing_lines": 18, "excluded_lines": 0}, "missing_lines": [8, 9, 10, 11, 12, 13, 14, 15, 16, 17, 19, 22, 85, 88, 106, 119, 202, 207], "excluded_lines": []}}, "classes": {"WaveformVisualizer": {"executed_lines": [], "summary": {"covered_lines": 0, "num_statements": 52, "percent_covered": 0.0, "percent_covered_display": "0", "missing_lines": 52, "excluded_lines": 0}, "missing_lines": [89, 90, 95, 97, 98, 100, 102, 104, 117, 121, 124, 127, 128, 129, 130, 133, 134, 135, 138, 146, 148, 151, 152, 154, 155, 158, 160, 166, 167, 170, 171, 172, 173, 174, 175, 176, 179, 180, 181, 182, 183, 184, 187, 188, 189, 190, 191, 193, 195, 205, 209, 210], "excluded_lines": []}, "": {"executed_lines": [], "summary": {"covered_lines": 0, "num_statements": 55, "percent_covered": 0.0, "percent_covered_display": "0", "missing_lines": 55, "excluded_lines": 0}, "missing_lines": [8, 9, 10, 11, 12, 13, 14, 15, 16, 17, 19, 22, 24, 25, 26, 27, 29, 30, 31, 32, 33, 34, 35, 38, 39, 42, 43, 46, 47, 50, 53, 58, 59, 60, 62, 63, 66, 67, 68, 71, 72, 74, 76, 78, 79, 80, 81, 82, 83, 85, 88, 106, 119, 202, 207], "excluded_lines": []}}}}, "totals": {"covered_lines": 1150, "num_statements": 3580, "percent_covered": 32.12290502793296, "percent_covered_display": "32", "missing_lines": 2430, "excluded_lines": 0}}